#
# There is insufficient memory for the Java Runtime Environment to continue.
# Native memory allocation (malloc) failed to allocate 32744 bytes for ChunkPool::allocate
# Possible reasons:
#   The system is out of physical RAM or swap space
#   The process is running with CompressedOops enabled, and the Java Heap may be blocking the growth of the native heap
# Possible solutions:
#   Reduce memory load on the system
#   Increase physical memory or swap space
#   Check if swap backing store is full
#   Decrease Java heap size (-Xmx/-Xms)
#   Decrease number of Java threads
#   Decrease Java thread stack sizes (-Xss)
#   Set larger code cache with -XX:ReservedCodeCacheSize=
#   JVM is running with Unscaled Compressed Oops mode in which the Java heap is
#     placed in the first 4GB address space. The Java Heap base address is the
#     maximum limit for the native heap growth. Please use -XX:HeapBaseMinAddress
#     to set the Java Heap base and to place the Java Heap above 4GB virtual address.
# This output file may be truncated or incomplete.
#
#  Out of Memory Error (arena.cpp:78), pid=9560, tid=8008
#
# JRE version: OpenJDK Runtime Environment Temurin-17.0.7+7 (17.0.7+7) (build 17.0.7+7)
# Java VM: OpenJDK 64-Bit Server VM Temurin-17.0.7+7 (17.0.7+7, mixed mode, sharing, tiered, compressed oops, compressed class ptrs, g1 gc, windows-amd64)
# No core dump will be written. Minidumps are not enabled by default on client versions of Windows
#

---------------  S U M M A R Y ------------

Command Line: -javaagent:C:\Program Files\JetBrains\IntelliJ IDEA Community Edition 2023.1\lib\idea_rt.jar=51303:C:\Program Files\JetBrains\IntelliJ IDEA Community Edition 2023.1\bin -Dfile.encoding=UTF-8 com.example.springboot.SpringbootWebfluxApplication

Host: AMD Ryzen 5 3500U with Radeon Vega Mobile Gfx  , 8 cores, 5G,  Windows 11 , 64 bit Build 22621 (10.0.22621.1635)
Time: Sun May 28 20:27:25 2023 India Standard Time elapsed time: 2.741031 seconds (0d 0h 0m 2s)

---------------  T H R E A D  ---------------

Current thread (0x000002ba6c23c7d0):  JavaThread "C2 CompilerThread0" daemon [_thread_in_native, id=8008, stack(0x000000e0da400000,0x000000e0da500000)]


Current CompileTask:
C2:   2741 1372   !   4       jdk.internal.loader.URLClassPath$JarLoader::getResource (354 bytes)

Stack: [0x000000e0da400000,0x000000e0da500000]
Native frames: (J=compiled Java code, j=interpreted, Vv=VM code, C=native code)
V  [jvm.dll+0x67754a]
V  [jvm.dll+0x834304]
V  [jvm.dll+0x835aae]
V  [jvm.dll+0x836113]
V  [jvm.dll+0x24696f]
V  [jvm.dll+0xac2cc]
V  [jvm.dll+0xac67c]
V  [jvm.dll+0x11e7b8]
V  [jvm.dll+0x6a0be1]
V  [jvm.dll+0x1bceb4]
V  [jvm.dll+0x219799]
V  [jvm.dll+0x218a61]
V  [jvm.dll+0x1a4d8d]
V  [jvm.dll+0x2284da]
V  [jvm.dll+0x226615]
V  [jvm.dll+0x7ea90b]
V  [jvm.dll+0x7e4e7a]
V  [jvm.dll+0x676395]
C  [ucrtbase.dll+0x29363]
C  [KERNEL32.DLL+0x126ad]
C  [ntdll.dll+0x5a9f8]


---------------  P R O C E S S  ---------------

Threads class SMR info:
_java_thread_list=0x000002ba6cf8b230, length=14, elements={
0x000002ba4f172fa0, 0x000002ba6c222b20, 0x000002ba6c2256e0, 0x000002ba6c233b10,
0x000002ba6c2386d0, 0x000002ba6c23b090, 0x000002ba6c23ba40, 0x000002ba6c23c7d0,
0x000002ba6c23d270, 0x000002ba6c23dc60, 0x000002ba6c20c010, 0x000002ba6c5af150,
0x000002ba6c5af620, 0x000002ba6cfbe2c0
}

Java Threads: ( => current thread )
  0x000002ba4f172fa0 JavaThread "main" [_thread_in_vm, id=14708, stack(0x000000e0d9700000,0x000000e0d9800000)]
  0x000002ba6c222b20 JavaThread "Reference Handler" daemon [_thread_blocked, id=1516, stack(0x000000e0d9e00000,0x000000e0d9f00000)]
  0x000002ba6c2256e0 JavaThread "Finalizer" daemon [_thread_blocked, id=11840, stack(0x000000e0d9f00000,0x000000e0da000000)]
  0x000002ba6c233b10 JavaThread "Signal Dispatcher" daemon [_thread_blocked, id=7120, stack(0x000000e0da000000,0x000000e0da100000)]
  0x000002ba6c2386d0 JavaThread "Attach Listener" daemon [_thread_blocked, id=15376, stack(0x000000e0da100000,0x000000e0da200000)]
  0x000002ba6c23b090 JavaThread "Service Thread" daemon [_thread_blocked, id=8704, stack(0x000000e0da200000,0x000000e0da300000)]
  0x000002ba6c23ba40 JavaThread "Monitor Deflation Thread" daemon [_thread_blocked, id=15136, stack(0x000000e0da300000,0x000000e0da400000)]
=>0x000002ba6c23c7d0 JavaThread "C2 CompilerThread0" daemon [_thread_in_native, id=8008, stack(0x000000e0da400000,0x000000e0da500000)]
  0x000002ba6c23d270 JavaThread "C1 CompilerThread0" daemon [_thread_blocked, id=11228, stack(0x000000e0da500000,0x000000e0da600000)]
  0x000002ba6c23dc60 JavaThread "Sweeper thread" daemon [_thread_blocked, id=6908, stack(0x000000e0da600000,0x000000e0da700000)]
  0x000002ba6c20c010 JavaThread "Common-Cleaner" daemon [_thread_blocked, id=16064, stack(0x000000e0da700000,0x000000e0da800000)]
  0x000002ba6c5af150 JavaThread "Monitor Ctrl-Break" daemon [_thread_in_native, id=5472, stack(0x000000e0da800000,0x000000e0da900000)]
  0x000002ba6c5af620 JavaThread "Notification Thread" daemon [_thread_blocked, id=5028, stack(0x000000e0da900000,0x000000e0daa00000)]
  0x000002ba6cfbe2c0 JavaThread "background-preinit" [_thread_in_vm, id=8304, stack(0x000000e0db200000,0x000000e0db300000)]

Other Threads:
  0x000002ba6c21d070 VMThread "VM Thread" [stack: 0x000000e0d9d00000,0x000000e0d9e00000] [id=9736]
  0x000002ba4f1f1420 WatcherThread [stack: 0x000000e0daa00000,0x000000e0dab00000] [id=14316]
  0x000002ba4f1c0ae0 GCTaskThread "GC Thread#0" [stack: 0x000000e0d9800000,0x000000e0d9900000] [id=9120]
  0x000002ba6ce00510 GCTaskThread "GC Thread#1" [stack: 0x000000e0dab00000,0x000000e0dac00000] [id=11156]
  0x000002ba6ce0b620 GCTaskThread "GC Thread#2" [stack: 0x000000e0dac00000,0x000000e0dad00000] [id=14544]
  0x000002ba6ce63740 GCTaskThread "GC Thread#3" [stack: 0x000000e0dad00000,0x000000e0dae00000] [id=7972]
  0x000002ba6ce639f0 GCTaskThread "GC Thread#4" [stack: 0x000000e0dae00000,0x000000e0daf00000] [id=1744]
  0x000002ba6ce63ca0 GCTaskThread "GC Thread#5" [stack: 0x000000e0daf00000,0x000000e0db000000] [id=4692]
  0x000002ba6ce63f50 GCTaskThread "GC Thread#6" [stack: 0x000000e0db000000,0x000000e0db100000] [id=10140]
  0x000002ba6ce64680 GCTaskThread "GC Thread#7" [stack: 0x000000e0db100000,0x000000e0db200000] [id=5532]
  0x000002ba4f1cd9c0 ConcurrentGCThread "G1 Main Marker" [stack: 0x000000e0d9900000,0x000000e0d9a00000] [id=12096]
  0x000002ba4f1cf280 ConcurrentGCThread "G1 Conc#0" [stack: 0x000000e0d9a00000,0x000000e0d9b00000] [id=13540]
  0x000002ba4f226040 ConcurrentGCThread "G1 Refine#0" [stack: 0x000000e0d9b00000,0x000000e0d9c00000] [id=15472]
  0x000002ba4f226900 ConcurrentGCThread "G1 Service" [stack: 0x000000e0d9c00000,0x000000e0d9d00000] [id=14964]

Threads with active compile tasks:
C2 CompilerThread0     2782 1372   !   4       jdk.internal.loader.URLClassPath$JarLoader::getResource (354 bytes)

VM state: not at safepoint (normal execution)

VM Mutex/Monitor currently owned by a thread:  ([mutex/lock_event])
[0x000002ba4f16c1d0] Metaspace_lock - owner thread: 0x000002ba6cfbe2c0

OutOfMemory and StackOverflow Exception counts:
OutOfMemoryError java_heap_errors=1
LinkageErrors=40

Heap address: 0x00000000a0e00000, size: 1522 MB, Compressed Oops mode: 32-bit

CDS archive(s) mapped at: [0x0000000800000000-0x0000000800bc0000-0x0000000800bc0000), size 12320768, SharedBaseAddress: 0x0000000800000000, ArchiveRelocationMode: 0.
Compressed class space mapped at: 0x0000000801000000-0x0000000841000000, reserved size: 1073741824
Narrow klass base: 0x0000000800000000, Narrow klass shift: 0, Narrow klass range: 0x100000000

GC Precious Log:
 CPUs: 8 total, 8 available
 Memory: 6082M
 Large Page Support: Disabled
 NUMA Support: Disabled
 Compressed Oops: Enabled (32-bit)
 Heap Region Size: 1M
 Heap Min Capacity: 8M
 Heap Initial Capacity: 96M
 Heap Max Capacity: 1522M
 Pre-touch: Disabled
 Parallel Workers: 8
 Concurrent Workers: 2
 Concurrent Refinement Workers: 8
 Periodic GC: Disabled

Heap:
 garbage-first heap   total 98304K, used 12704K [0x00000000a0e00000, 0x0000000100000000)
  region size 1024K, 11 young (11264K), 3 survivors (3072K)
 Metaspace       used 7993K, committed 8192K, reserved 1114112K
  class space    used 991K, committed 1088K, reserved 1048576K

Heap Regions: E=young(eden), S=young(survivor), O=old, HS=humongous(starts), HC=humongous(continues), CS=collection set, F=free, OA=open archive, CA=closed archive, TAMS=top-at-mark-start (previous, next)
|   0|0x00000000a0e00000, 0x00000000a0f00000, 0x00000000a0f00000|100%| O|  |TAMS 0x00000000a0e00000, 0x00000000a0e00000| Untracked 
|   1|0x00000000a0f00000, 0x00000000a1000000, 0x00000000a1000000|100%| O|  |TAMS 0x00000000a0f00000, 0x00000000a0f00000| Untracked 
|   2|0x00000000a1000000, 0x00000000a1068000, 0x00000000a1100000| 40%| O|  |TAMS 0x00000000a1000000, 0x00000000a1000000| Untracked 
|   3|0x00000000a1100000, 0x00000000a1100000, 0x00000000a1200000|  0%| F|  |TAMS 0x00000000a1100000, 0x00000000a1100000| Untracked 
|   4|0x00000000a1200000, 0x00000000a1200000, 0x00000000a1300000|  0%| F|  |TAMS 0x00000000a1200000, 0x00000000a1200000| Untracked 
|   5|0x00000000a1300000, 0x00000000a1300000, 0x00000000a1400000|  0%| F|  |TAMS 0x00000000a1300000, 0x00000000a1300000| Untracked 
|   6|0x00000000a1400000, 0x00000000a1400000, 0x00000000a1500000|  0%| F|  |TAMS 0x00000000a1400000, 0x00000000a1400000| Untracked 
|   7|0x00000000a1500000, 0x00000000a1500000, 0x00000000a1600000|  0%| F|  |TAMS 0x00000000a1500000, 0x00000000a1500000| Untracked 
|   8|0x00000000a1600000, 0x00000000a1600000, 0x00000000a1700000|  0%| F|  |TAMS 0x00000000a1600000, 0x00000000a1600000| Untracked 
|   9|0x00000000a1700000, 0x00000000a1700000, 0x00000000a1800000|  0%| F|  |TAMS 0x00000000a1700000, 0x00000000a1700000| Untracked 
|  10|0x00000000a1800000, 0x00000000a1800000, 0x00000000a1900000|  0%| F|  |TAMS 0x00000000a1800000, 0x00000000a1800000| Untracked 
|  11|0x00000000a1900000, 0x00000000a1900000, 0x00000000a1a00000|  0%| F|  |TAMS 0x00000000a1900000, 0x00000000a1900000| Untracked 
|  12|0x00000000a1a00000, 0x00000000a1a00000, 0x00000000a1b00000|  0%| F|  |TAMS 0x00000000a1a00000, 0x00000000a1a00000| Untracked 
|  13|0x00000000a1b00000, 0x00000000a1b00000, 0x00000000a1c00000|  0%| F|  |TAMS 0x00000000a1b00000, 0x00000000a1b00000| Untracked 
|  14|0x00000000a1c00000, 0x00000000a1c00000, 0x00000000a1d00000|  0%| F|  |TAMS 0x00000000a1c00000, 0x00000000a1c00000| Untracked 
|  15|0x00000000a1d00000, 0x00000000a1d00000, 0x00000000a1e00000|  0%| F|  |TAMS 0x00000000a1d00000, 0x00000000a1d00000| Untracked 
|  16|0x00000000a1e00000, 0x00000000a1e00000, 0x00000000a1f00000|  0%| F|  |TAMS 0x00000000a1e00000, 0x00000000a1e00000| Untracked 
|  17|0x00000000a1f00000, 0x00000000a1f00000, 0x00000000a2000000|  0%| F|  |TAMS 0x00000000a1f00000, 0x00000000a1f00000| Untracked 
|  18|0x00000000a2000000, 0x00000000a2000000, 0x00000000a2100000|  0%| F|  |TAMS 0x00000000a2000000, 0x00000000a2000000| Untracked 
|  19|0x00000000a2100000, 0x00000000a2100000, 0x00000000a2200000|  0%| F|  |TAMS 0x00000000a2100000, 0x00000000a2100000| Untracked 
|  20|0x00000000a2200000, 0x00000000a2200000, 0x00000000a2300000|  0%| F|  |TAMS 0x00000000a2200000, 0x00000000a2200000| Untracked 
|  21|0x00000000a2300000, 0x00000000a2300000, 0x00000000a2400000|  0%| F|  |TAMS 0x00000000a2300000, 0x00000000a2300000| Untracked 
|  22|0x00000000a2400000, 0x00000000a2400000, 0x00000000a2500000|  0%| F|  |TAMS 0x00000000a2400000, 0x00000000a2400000| Untracked 
|  23|0x00000000a2500000, 0x00000000a2500000, 0x00000000a2600000|  0%| F|  |TAMS 0x00000000a2500000, 0x00000000a2500000| Untracked 
|  24|0x00000000a2600000, 0x00000000a2600000, 0x00000000a2700000|  0%| F|  |TAMS 0x00000000a2600000, 0x00000000a2600000| Untracked 
|  25|0x00000000a2700000, 0x00000000a2700000, 0x00000000a2800000|  0%| F|  |TAMS 0x00000000a2700000, 0x00000000a2700000| Untracked 
|  26|0x00000000a2800000, 0x00000000a2800000, 0x00000000a2900000|  0%| F|  |TAMS 0x00000000a2800000, 0x00000000a2800000| Untracked 
|  27|0x00000000a2900000, 0x00000000a2900000, 0x00000000a2a00000|  0%| F|  |TAMS 0x00000000a2900000, 0x00000000a2900000| Untracked 
|  28|0x00000000a2a00000, 0x00000000a2a00000, 0x00000000a2b00000|  0%| F|  |TAMS 0x00000000a2a00000, 0x00000000a2a00000| Untracked 
|  29|0x00000000a2b00000, 0x00000000a2b00000, 0x00000000a2c00000|  0%| F|  |TAMS 0x00000000a2b00000, 0x00000000a2b00000| Untracked 
|  30|0x00000000a2c00000, 0x00000000a2c00000, 0x00000000a2d00000|  0%| F|  |TAMS 0x00000000a2c00000, 0x00000000a2c00000| Untracked 
|  31|0x00000000a2d00000, 0x00000000a2d00000, 0x00000000a2e00000|  0%| F|  |TAMS 0x00000000a2d00000, 0x00000000a2d00000| Untracked 
|  32|0x00000000a2e00000, 0x00000000a2e00000, 0x00000000a2f00000|  0%| F|  |TAMS 0x00000000a2e00000, 0x00000000a2e00000| Untracked 
|  33|0x00000000a2f00000, 0x00000000a2f00000, 0x00000000a3000000|  0%| F|  |TAMS 0x00000000a2f00000, 0x00000000a2f00000| Untracked 
|  34|0x00000000a3000000, 0x00000000a3000000, 0x00000000a3100000|  0%| F|  |TAMS 0x00000000a3000000, 0x00000000a3000000| Untracked 
|  35|0x00000000a3100000, 0x00000000a3100000, 0x00000000a3200000|  0%| F|  |TAMS 0x00000000a3100000, 0x00000000a3100000| Untracked 
|  36|0x00000000a3200000, 0x00000000a3200000, 0x00000000a3300000|  0%| F|  |TAMS 0x00000000a3200000, 0x00000000a3200000| Untracked 
|  37|0x00000000a3300000, 0x00000000a3300000, 0x00000000a3400000|  0%| F|  |TAMS 0x00000000a3300000, 0x00000000a3300000| Untracked 
|  38|0x00000000a3400000, 0x00000000a3400000, 0x00000000a3500000|  0%| F|  |TAMS 0x00000000a3400000, 0x00000000a3400000| Untracked 
|  39|0x00000000a3500000, 0x00000000a3500000, 0x00000000a3600000|  0%| F|  |TAMS 0x00000000a3500000, 0x00000000a3500000| Untracked 
|  40|0x00000000a3600000, 0x00000000a3600000, 0x00000000a3700000|  0%| F|  |TAMS 0x00000000a3600000, 0x00000000a3600000| Untracked 
|  41|0x00000000a3700000, 0x00000000a3700000, 0x00000000a3800000|  0%| F|  |TAMS 0x00000000a3700000, 0x00000000a3700000| Untracked 
|  42|0x00000000a3800000, 0x00000000a3800000, 0x00000000a3900000|  0%| F|  |TAMS 0x00000000a3800000, 0x00000000a3800000| Untracked 
|  43|0x00000000a3900000, 0x00000000a3900000, 0x00000000a3a00000|  0%| F|  |TAMS 0x00000000a3900000, 0x00000000a3900000| Untracked 
|  44|0x00000000a3a00000, 0x00000000a3a00000, 0x00000000a3b00000|  0%| F|  |TAMS 0x00000000a3a00000, 0x00000000a3a00000| Untracked 
|  45|0x00000000a3b00000, 0x00000000a3b00000, 0x00000000a3c00000|  0%| F|  |TAMS 0x00000000a3b00000, 0x00000000a3b00000| Untracked 
|  46|0x00000000a3c00000, 0x00000000a3c00000, 0x00000000a3d00000|  0%| F|  |TAMS 0x00000000a3c00000, 0x00000000a3c00000| Untracked 
|  47|0x00000000a3d00000, 0x00000000a3d00000, 0x00000000a3e00000|  0%| F|  |TAMS 0x00000000a3d00000, 0x00000000a3d00000| Untracked 
|  48|0x00000000a3e00000, 0x00000000a3e00000, 0x00000000a3f00000|  0%| F|  |TAMS 0x00000000a3e00000, 0x00000000a3e00000| Untracked 
|  49|0x00000000a3f00000, 0x00000000a3f00000, 0x00000000a4000000|  0%| F|  |TAMS 0x00000000a3f00000, 0x00000000a3f00000| Untracked 
|  50|0x00000000a4000000, 0x00000000a4000000, 0x00000000a4100000|  0%| F|  |TAMS 0x00000000a4000000, 0x00000000a4000000| Untracked 
|  51|0x00000000a4100000, 0x00000000a4100000, 0x00000000a4200000|  0%| F|  |TAMS 0x00000000a4100000, 0x00000000a4100000| Untracked 
|  52|0x00000000a4200000, 0x00000000a4200000, 0x00000000a4300000|  0%| F|  |TAMS 0x00000000a4200000, 0x00000000a4200000| Untracked 
|  53|0x00000000a4300000, 0x00000000a4300000, 0x00000000a4400000|  0%| F|  |TAMS 0x00000000a4300000, 0x00000000a4300000| Untracked 
|  54|0x00000000a4400000, 0x00000000a4400000, 0x00000000a4500000|  0%| F|  |TAMS 0x00000000a4400000, 0x00000000a4400000| Untracked 
|  55|0x00000000a4500000, 0x00000000a4500000, 0x00000000a4600000|  0%| F|  |TAMS 0x00000000a4500000, 0x00000000a4500000| Untracked 
|  56|0x00000000a4600000, 0x00000000a4600000, 0x00000000a4700000|  0%| F|  |TAMS 0x00000000a4600000, 0x00000000a4600000| Untracked 
|  57|0x00000000a4700000, 0x00000000a4700000, 0x00000000a4800000|  0%| F|  |TAMS 0x00000000a4700000, 0x00000000a4700000| Untracked 
|  58|0x00000000a4800000, 0x00000000a4800000, 0x00000000a4900000|  0%| F|  |TAMS 0x00000000a4800000, 0x00000000a4800000| Untracked 
|  59|0x00000000a4900000, 0x00000000a4900000, 0x00000000a4a00000|  0%| F|  |TAMS 0x00000000a4900000, 0x00000000a4900000| Untracked 
|  60|0x00000000a4a00000, 0x00000000a4a00000, 0x00000000a4b00000|  0%| F|  |TAMS 0x00000000a4a00000, 0x00000000a4a00000| Untracked 
|  61|0x00000000a4b00000, 0x00000000a4b00000, 0x00000000a4c00000|  0%| F|  |TAMS 0x00000000a4b00000, 0x00000000a4b00000| Untracked 
|  62|0x00000000a4c00000, 0x00000000a4c00000, 0x00000000a4d00000|  0%| F|  |TAMS 0x00000000a4c00000, 0x00000000a4c00000| Untracked 
|  63|0x00000000a4d00000, 0x00000000a4d00000, 0x00000000a4e00000|  0%| F|  |TAMS 0x00000000a4d00000, 0x00000000a4d00000| Untracked 
|  64|0x00000000a4e00000, 0x00000000a4e00000, 0x00000000a4f00000|  0%| F|  |TAMS 0x00000000a4e00000, 0x00000000a4e00000| Untracked 
|  65|0x00000000a4f00000, 0x00000000a4f00000, 0x00000000a5000000|  0%| F|  |TAMS 0x00000000a4f00000, 0x00000000a4f00000| Untracked 
|  66|0x00000000a5000000, 0x00000000a5000000, 0x00000000a5100000|  0%| F|  |TAMS 0x00000000a5000000, 0x00000000a5000000| Untracked 
|  67|0x00000000a5100000, 0x00000000a5100000, 0x00000000a5200000|  0%| F|  |TAMS 0x00000000a5100000, 0x00000000a5100000| Untracked 
|  68|0x00000000a5200000, 0x00000000a5200000, 0x00000000a5300000|  0%| F|  |TAMS 0x00000000a5200000, 0x00000000a5200000| Untracked 
|  69|0x00000000a5300000, 0x00000000a5300000, 0x00000000a5400000|  0%| F|  |TAMS 0x00000000a5300000, 0x00000000a5300000| Untracked 
|  70|0x00000000a5400000, 0x00000000a5500000, 0x00000000a5500000|100%| S|CS|TAMS 0x00000000a5400000, 0x00000000a5400000| Complete 
|  71|0x00000000a5500000, 0x00000000a5600000, 0x00000000a5600000|100%| S|CS|TAMS 0x00000000a5500000, 0x00000000a5500000| Complete 
|  72|0x00000000a5600000, 0x00000000a5700000, 0x00000000a5700000|100%| S|CS|TAMS 0x00000000a5600000, 0x00000000a5600000| Complete 
|  73|0x00000000a5700000, 0x00000000a5700000, 0x00000000a5800000|  0%| F|  |TAMS 0x00000000a5700000, 0x00000000a5700000| Untracked 
|  74|0x00000000a5800000, 0x00000000a5800000, 0x00000000a5900000|  0%| F|  |TAMS 0x00000000a5800000, 0x00000000a5800000| Untracked 
|  75|0x00000000a5900000, 0x00000000a5900000, 0x00000000a5a00000|  0%| F|  |TAMS 0x00000000a5900000, 0x00000000a5900000| Untracked 
|  76|0x00000000a5a00000, 0x00000000a5a00000, 0x00000000a5b00000|  0%| F|  |TAMS 0x00000000a5a00000, 0x00000000a5a00000| Untracked 
|  77|0x00000000a5b00000, 0x00000000a5b00000, 0x00000000a5c00000|  0%| F|  |TAMS 0x00000000a5b00000, 0x00000000a5b00000| Untracked 
|  78|0x00000000a5c00000, 0x00000000a5c00000, 0x00000000a5d00000|  0%| F|  |TAMS 0x00000000a5c00000, 0x00000000a5c00000| Untracked 
|  79|0x00000000a5d00000, 0x00000000a5d00000, 0x00000000a5e00000|  0%| F|  |TAMS 0x00000000a5d00000, 0x00000000a5d00000| Untracked 
|  80|0x00000000a5e00000, 0x00000000a5e00000, 0x00000000a5f00000|  0%| F|  |TAMS 0x00000000a5e00000, 0x00000000a5e00000| Untracked 
|  81|0x00000000a5f00000, 0x00000000a5f00000, 0x00000000a6000000|  0%| F|  |TAMS 0x00000000a5f00000, 0x00000000a5f00000| Untracked 
|  82|0x00000000a6000000, 0x00000000a6000000, 0x00000000a6100000|  0%| F|  |TAMS 0x00000000a6000000, 0x00000000a6000000| Untracked 
|  83|0x00000000a6100000, 0x00000000a6100000, 0x00000000a6200000|  0%| F|  |TAMS 0x00000000a6100000, 0x00000000a6100000| Untracked 
|  84|0x00000000a6200000, 0x00000000a6200000, 0x00000000a6300000|  0%| F|  |TAMS 0x00000000a6200000, 0x00000000a6200000| Untracked 
|  85|0x00000000a6300000, 0x00000000a6300000, 0x00000000a6400000|  0%| F|  |TAMS 0x00000000a6300000, 0x00000000a6300000| Untracked 
|  86|0x00000000a6400000, 0x00000000a6400000, 0x00000000a6500000|  0%| F|  |TAMS 0x00000000a6400000, 0x00000000a6400000| Untracked 
|  87|0x00000000a6500000, 0x00000000a6500000, 0x00000000a6600000|  0%| F|  |TAMS 0x00000000a6500000, 0x00000000a6500000| Untracked 
|  88|0x00000000a6600000, 0x00000000a660ec10, 0x00000000a6700000|  5%| E|  |TAMS 0x00000000a6600000, 0x00000000a6600000| Complete 
|  89|0x00000000a6700000, 0x00000000a6800000, 0x00000000a6800000|100%| E|CS|TAMS 0x00000000a6700000, 0x00000000a6700000| Complete 
|  90|0x00000000a6800000, 0x00000000a6900000, 0x00000000a6900000|100%| E|CS|TAMS 0x00000000a6800000, 0x00000000a6800000| Complete 
|  91|0x00000000a6900000, 0x00000000a6a00000, 0x00000000a6a00000|100%| E|CS|TAMS 0x00000000a6900000, 0x00000000a6900000| Complete 
|  92|0x00000000a6a00000, 0x00000000a6b00000, 0x00000000a6b00000|100%| E|CS|TAMS 0x00000000a6a00000, 0x00000000a6a00000| Complete 
|  93|0x00000000a6b00000, 0x00000000a6c00000, 0x00000000a6c00000|100%| E|CS|TAMS 0x00000000a6b00000, 0x00000000a6b00000| Complete 
|  94|0x00000000a6c00000, 0x00000000a6d00000, 0x00000000a6d00000|100%| E|CS|TAMS 0x00000000a6c00000, 0x00000000a6c00000| Complete 
|  95|0x00000000a6d00000, 0x00000000a6e00000, 0x00000000a6e00000|100%| E|CS|TAMS 0x00000000a6d00000, 0x00000000a6d00000| Complete 

Card table byte_map: [0x000002ba66290000,0x000002ba66590000] _byte_map_base: 0x000002ba65d89000

Marking Bits (Prev, Next): (CMBitMap*) 0x000002ba4f1c10f0, (CMBitMap*) 0x000002ba4f1c1130
 Prev Bits: [0x000002ba66890000, 0x000002ba68058000)
 Next Bits: [0x000002ba68060000, 0x000002ba69828000)

Polling page: 0x000002ba4d0c0000

Metaspace:

Usage:
  Non-class:      6.84 MB used.
      Class:    991.48 KB used.
       Both:      7.81 MB used.

Virtual space:
  Non-class space:       64.00 MB reserved,       6.94 MB ( 11%) committed,  1 nodes.
      Class space:        1.00 GB reserved,       1.06 MB ( <1%) committed,  1 nodes.
             Both:        1.06 GB reserved,       8.00 MB ( <1%) committed. 

Chunk freelists:
   Non-Class:  8.17 MB
       Class:  14.78 MB
        Both:  22.95 MB

MaxMetaspaceSize: unlimited
CompressedClassSpaceSize: 1.00 GB
Initial GC threshold: 21.00 MB
Current GC threshold: 21.00 MB
CDS: on
MetaspaceReclaimPolicy: balanced
 - commit_granule_bytes: 65536.
 - commit_granule_words: 8192.
 - virtual_space_node_default_size: 8388608.
 - enlarge_chunks_in_place: 1.
 - new_chunks_are_fully_committed: 0.
 - uncommit_free_chunks: 1.
 - use_allocation_guard: 0.
 - handle_deallocations: 1.


Internal statistics:

num_allocs_failed_limit: 0.
num_arena_births: 156.
num_arena_deaths: 0.
num_vsnodes_births: 2.
num_vsnodes_deaths: 0.
num_space_committed: 128.
num_space_uncommitted: 0.
num_chunks_returned_to_freelist: 0.
num_chunks_taken_from_freelist: 391.
num_chunk_merges: 0.
num_chunk_splits: 243.
num_chunks_enlarged: 182.
num_inconsistent_stats: 0.

CodeHeap 'non-profiled nmethods': size=120000Kb used=471Kb max_used=471Kb free=119528Kb
 bounds [0x000002ba5e720000, 0x000002ba5e990000, 0x000002ba65c50000]
CodeHeap 'profiled nmethods': size=120000Kb used=2666Kb max_used=2666Kb free=117333Kb
 bounds [0x000002ba56c50000, 0x000002ba56ef0000, 0x000002ba5e180000]
CodeHeap 'non-nmethods': size=5760Kb used=1157Kb max_used=1165Kb free=4602Kb
 bounds [0x000002ba5e180000, 0x000002ba5e3f0000, 0x000002ba5e720000]
 total_blobs=1906 nmethods=1463 adapters=355
 compilation: enabled
              stopped_count=0, restarted_count=0
 full_count=0

Compilation events (20 events):
Event: 2.697 Thread 0x000002ba6c23d270 1459       3       org.springframework.core.convert.converter.GenericConverter$ConvertiblePair::<init> (27 bytes)
Event: 2.697 Thread 0x000002ba6c23d270 nmethod 1459 0x000002ba56ee3790 code [0x000002ba56ee3980, 0x000002ba56ee3e78]
Event: 2.697 Thread 0x000002ba6c23d270 1461       3       org.springframework.core.ResolvableType::equals (160 bytes)
Event: 2.698 Thread 0x000002ba6c23d270 nmethod 1461 0x000002ba56ee4010 code [0x000002ba56ee4280, 0x000002ba56ee4d98]
Event: 2.698 Thread 0x000002ba6c23d270 1462       3       java.lang.invoke.VarHandleGuards::guard_LLL_Z (86 bytes)
Event: 2.700 Thread 0x000002ba6c23d270 nmethod 1462 0x000002ba56ee4f90 code [0x000002ba56ee5300, 0x000002ba56ee6eb8]
Event: 2.701 Thread 0x000002ba6c23d270 1463       3       org.springframework.core.convert.support.GenericConversionService$Converters$$Lambda$88/0x0000000801092528::apply (8 bytes)
Event: 2.701 Thread 0x000002ba6c23d270 nmethod 1463 0x000002ba56ee7810 code [0x000002ba56ee7a00, 0x000002ba56ee8138]
Event: 2.701 Thread 0x000002ba6c23d270 1460       3       org.springframework.core.ResolvableType::toClass (7 bytes)
Event: 2.701 Thread 0x000002ba6c23d270 nmethod 1460 0x000002ba56ee8390 code [0x000002ba56ee8540, 0x000002ba56ee87b8]
Event: 2.701 Thread 0x000002ba6c23d270 1453       3       org.springframework.util.ConcurrentReferenceHashMap::createReferenceManager (9 bytes)
Event: 2.702 Thread 0x000002ba6c23d270 nmethod 1453 0x000002ba56ee8890 code [0x000002ba56ee8a60, 0x000002ba56ee8fd8]
Event: 2.713 Thread 0x000002ba6c23d270 1465       3       java.util.BitSet::wordIndex (5 bytes)
Event: 2.713 Thread 0x000002ba6c23d270 nmethod 1465 0x000002ba56ee9190 code [0x000002ba56ee9320, 0x000002ba56ee9418]
Event: 2.714 Thread 0x000002ba6c23d270 1466       3       java.util.BitSet::checkInvariants (111 bytes)
Event: 2.714 Thread 0x000002ba6c23d270 nmethod 1466 0x000002ba56ee9490 code [0x000002ba56ee9620, 0x000002ba56ee9758]
Event: 2.714 Thread 0x000002ba6c23d270 1467       3       java.nio.ByteBuffer::arrayOffset (35 bytes)
Event: 2.714 Thread 0x000002ba6c23d270 nmethod 1467 0x000002ba56ee9810 code [0x000002ba56ee99e0, 0x000002ba56ee9cb8]
Event: 2.718 Thread 0x000002ba6c23d270 1469       3       java.util.BitSet::get (69 bytes)
Event: 2.719 Thread 0x000002ba6c23d270 nmethod 1469 0x000002ba56ee9e10 code [0x000002ba56eea060, 0x000002ba56eea868]

GC Heap History (2 events):
Event: 2.091 GC heap before
{Heap before GC invocations=0 (full 0):
 garbage-first heap   total 98304K, used 22528K [0x00000000a0e00000, 0x0000000100000000)
  region size 1024K, 23 young (23552K), 0 survivors (0K)
 Metaspace       used 6416K, committed 6592K, reserved 1114112K
  class space    used 760K, committed 832K, reserved 1048576K
}
Event: 2.104 GC heap after
{Heap after GC invocations=1 (full 0):
 garbage-first heap   total 98304K, used 5536K [0x00000000a0e00000, 0x0000000100000000)
  region size 1024K, 3 young (3072K), 3 survivors (3072K)
 Metaspace       used 6416K, committed 6592K, reserved 1114112K
  class space    used 760K, committed 832K, reserved 1048576K
}

Dll operation events (9 events):
Event: 0.018 Loaded shared library C:\Users\Prats\AppData\Local\Programs\Eclipse Adoptium\jdk-17.0.7.7-hotspot\bin\java.dll
Event: 0.032 Loaded shared library C:\Users\Prats\AppData\Local\Programs\Eclipse Adoptium\jdk-17.0.7.7-hotspot\bin\jsvml.dll
Event: 0.230 Loaded shared library C:\Users\Prats\AppData\Local\Programs\Eclipse Adoptium\jdk-17.0.7.7-hotspot\bin\zip.dll
Event: 0.240 Loaded shared library C:\Users\Prats\AppData\Local\Programs\Eclipse Adoptium\jdk-17.0.7.7-hotspot\bin\instrument.dll
Event: 0.257 Loaded shared library C:\Users\Prats\AppData\Local\Programs\Eclipse Adoptium\jdk-17.0.7.7-hotspot\bin\net.dll
Event: 0.261 Loaded shared library C:\Users\Prats\AppData\Local\Programs\Eclipse Adoptium\jdk-17.0.7.7-hotspot\bin\nio.dll
Event: 0.272 Loaded shared library C:\Users\Prats\AppData\Local\Programs\Eclipse Adoptium\jdk-17.0.7.7-hotspot\bin\zip.dll
Event: 0.438 Loaded shared library C:\Program Files\JetBrains\IntelliJ IDEA Community Edition 2023.1\bin\breakgen64.dll
Event: 0.534 Loaded shared library C:\Users\Prats\AppData\Local\Programs\Eclipse Adoptium\jdk-17.0.7.7-hotspot\bin\jimage.dll

Deoptimization events (20 events):
Event: 1.592 Thread 0x000002ba4f172fa0 DEOPT PACKING pc=0x000002ba5e76ad40 sp=0x000000e0d97fe050
Event: 1.592 Thread 0x000002ba4f172fa0 DEOPT UNPACKING pc=0x000002ba5e1d69a3 sp=0x000000e0d97fdf88 mode 2
Event: 1.592 Thread 0x000002ba4f172fa0 Uncommon trap: trap_request=0xffffffc6 fr.pc=0x000002ba5e76acb0 relative=0x0000000000001310
Event: 1.592 Thread 0x000002ba4f172fa0 Uncommon trap: reason=bimorphic_or_optimized_type_check action=maybe_recompile pc=0x000002ba5e76acb0 method=java.util.HashMap.putVal(ILjava/lang/Object;Ljava/lang/Object;ZZ)Ljava/lang/Object; @ 56 c2
Event: 1.592 Thread 0x000002ba4f172fa0 DEOPT PACKING pc=0x000002ba5e76acb0 sp=0x000000e0d97fe050
Event: 1.592 Thread 0x000002ba4f172fa0 DEOPT UNPACKING pc=0x000002ba5e1d69a3 sp=0x000000e0d97fdf80 mode 2
Event: 1.656 Thread 0x000002ba4f172fa0 DEOPT PACKING pc=0x000002ba56cd93b8 sp=0x000000e0d97fe170
Event: 1.656 Thread 0x000002ba4f172fa0 DEOPT UNPACKING pc=0x000002ba5e1d7143 sp=0x000000e0d97fd688 mode 0
Event: 2.222 Thread 0x000002ba4f172fa0 Uncommon trap: trap_request=0xffffffde fr.pc=0x000002ba5e76ffd0 relative=0x00000000000007d0
Event: 2.222 Thread 0x000002ba4f172fa0 Uncommon trap: reason=class_check action=maybe_recompile pc=0x000002ba5e76ffd0 method=java.util.HashMap.putVal(ILjava/lang/Object;Ljava/lang/Object;ZZ)Ljava/lang/Object; @ 91 c2
Event: 2.222 Thread 0x000002ba4f172fa0 DEOPT PACKING pc=0x000002ba5e76ffd0 sp=0x000000e0d97fe270
Event: 2.222 Thread 0x000002ba4f172fa0 DEOPT UNPACKING pc=0x000002ba5e1d69a3 sp=0x000000e0d97fe180 mode 2
Event: 2.224 Thread 0x000002ba4f172fa0 Uncommon trap: trap_request=0xffffffde fr.pc=0x000002ba5e76ffd0 relative=0x00000000000007d0
Event: 2.224 Thread 0x000002ba4f172fa0 Uncommon trap: reason=class_check action=maybe_recompile pc=0x000002ba5e76ffd0 method=java.util.HashMap.putVal(ILjava/lang/Object;Ljava/lang/Object;ZZ)Ljava/lang/Object; @ 91 c2
Event: 2.224 Thread 0x000002ba4f172fa0 DEOPT PACKING pc=0x000002ba5e76ffd0 sp=0x000000e0d97fe270
Event: 2.224 Thread 0x000002ba4f172fa0 DEOPT UNPACKING pc=0x000002ba5e1d69a3 sp=0x000000e0d97fe180 mode 2
Event: 2.463 Thread 0x000002ba4f172fa0 Uncommon trap: trap_request=0xffffffde fr.pc=0x000002ba5e751978 relative=0x0000000000000438
Event: 2.463 Thread 0x000002ba4f172fa0 Uncommon trap: reason=class_check action=maybe_recompile pc=0x000002ba5e751978 method=java.util.HashMap.getNode(Ljava/lang/Object;)Ljava/util/HashMap$Node; @ 128 c2
Event: 2.463 Thread 0x000002ba4f172fa0 DEOPT PACKING pc=0x000002ba5e751978 sp=0x000000e0d97fe720
Event: 2.463 Thread 0x000002ba4f172fa0 DEOPT UNPACKING pc=0x000002ba5e1d69a3 sp=0x000000e0d97fe698 mode 2

Classes unloaded (0 events):
No events

Classes redefined (0 events):
No events

Internal exceptions (20 events):
Event: 2.226 Thread 0x000002ba4f172fa0 Exception <a 'java/lang/NoSuchMethodError'{0x00000000a6de1ce8}: 'int java.lang.invoke.DirectMethodHandle$Holder.invokeInterface(java.lang.Object, java.lang.Object)'> (0x00000000a6de1ce8) 
thrown [s\src\hotspot\share\interpreter\linkResolver.cpp, line 759]
Event: 2.271 Thread 0x000002ba4f172fa0 Exception <a 'java/lang/NoSuchMethodError'{0x00000000a6c53c98}: 'int java.lang.invoke.DirectMethodHandle$Holder.invokeVirtual(java.lang.Object, java.lang.Object)'> (0x00000000a6c53c98) 
thrown [s\src\hotspot\share\interpreter\linkResolver.cpp, line 759]
Event: 2.330 Thread 0x000002ba4f172fa0 Exception <a 'java/lang/NoSuchMethodError'{0x00000000a6b09e68}: 'java.lang.Object java.lang.invoke.DirectMethodHandle$Holder.invokeSpecial(java.lang.Object, java.lang.Object, java.lang.Object, int, java.lang.Object)'> (0x00000000a6b09e68) 
thrown [s\src\hotspot\share\interpreter\linkResolver.cpp, line 759]
Event: 2.332 Thread 0x000002ba4f172fa0 Exception <a 'java/lang/NoSuchMethodError'{0x00000000a6b124c8}: 'java.lang.Object java.lang.invoke.DirectMethodHandle$Holder.newInvokeSpecial(java.lang.Object, java.lang.Object, java.lang.Object, int, java.lang.Object)'> (0x00000000a6b124c8) 
thrown [s\src\hotspot\share\interpreter\linkResolver.cpp, line 759]
Event: 2.335 Thread 0x000002ba4f172fa0 Exception <a 'java/lang/NoSuchMethodError'{0x00000000a6b19e98}: 'java.lang.Object java.lang.invoke.Invokers$Holder.linkToTargetMethod(java.lang.Object, java.lang.Object, int, java.lang.Object, java.lang.Object)'> (0x00000000a6b19e98) 
thrown [s\src\hotspot\share\interpreter\linkResolver.cpp, line 759]
Event: 2.340 Thread 0x000002ba4f172fa0 Exception <a 'java/lang/NoSuchMethodError'{0x00000000a6b28b98}: 'java.lang.Object java.lang.invoke.DirectMethodHandle$Holder.newInvokeSpecial(java.lang.Object, int, java.lang.Object)'> (0x00000000a6b28b98) 
thrown [s\src\hotspot\share\interpreter\linkResolver.cpp, line 759]
Event: 2.341 Thread 0x000002ba4f172fa0 Exception <a 'java/lang/NoSuchMethodError'{0x00000000a6b2d900}: 'int java.lang.invoke.DirectMethodHandle$Holder.invokeSpecialIFC(java.lang.Object, java.lang.Object, java.lang.Object, java.lang.Object)'> (0x00000000a6b2d900) 
thrown [s\src\hotspot\share\interpreter\linkResolver.cpp, line 759]
Event: 2.429 Thread 0x000002ba4f172fa0 Exception <a 'java/lang/NoSuchMethodError'{0x00000000a6bfc4c8}: 'void java.lang.invoke.DirectMethodHandle$Holder.invokeInterface(java.lang.Object, java.lang.Object, java.lang.Object)'> (0x00000000a6bfc4c8) 
thrown [s\src\hotspot\share\interpreter\linkResolver.cpp, line 759]
Event: 2.479 Thread 0x000002ba4f172fa0 Exception <a 'java/lang/NoSuchMethodError'{0x00000000a6a739e8}: 'void java.lang.invoke.DirectMethodHandle$Holder.invokeStaticInit(java.lang.Object, java.lang.Object)'> (0x00000000a6a739e8) 
thrown [s\src\hotspot\share\interpreter\linkResolver.cpp, line 759]
Event: 2.486 Thread 0x000002ba4f172fa0 Exception <a 'java/lang/NoSuchMethodError'{0x00000000a6a80170}: 'void java.lang.invoke.DirectMethodHandle$Holder.invokeStaticInit(java.lang.Object, java.lang.Object, java.lang.Object)'> (0x00000000a6a80170) 
thrown [s\src\hotspot\share\interpreter\linkResolver.cpp, line 759]
Event: 2.497 Thread 0x000002ba4f172fa0 Exception <a 'java/lang/NoSuchMethodError'{0x00000000a6a927d8}: 'java.lang.Object java.lang.invoke.DirectMethodHandle$Holder.invokeStatic(java.lang.Object, java.lang.Object, long, java.lang.Object)'> (0x00000000a6a927d8) 
thrown [s\src\hotspot\share\interpreter\linkResolver.cpp, line 759]
Event: 2.498 Thread 0x000002ba4f172fa0 Exception <a 'java/lang/NoSuchMethodError'{0x00000000a6a96270}: 'java.lang.Object java.lang.invoke.DirectMethodHandle$Holder.invokeStaticInit(java.lang.Object, java.lang.Object, long, java.lang.Object)'> (0x00000000a6a96270) 
thrown [s\src\hotspot\share\interpreter\linkResolver.cpp, line 759]
Event: 2.500 Thread 0x000002ba4f172fa0 Exception <a 'java/lang/NoSuchMethodError'{0x00000000a6a9c9b0}: 'java.lang.Object java.lang.invoke.DirectMethodHandle$Holder.newInvokeSpecial(java.lang.Object, java.lang.Object, long)'> (0x00000000a6a9c9b0) 
thrown [s\src\hotspot\share\interpreter\linkResolver.cpp, line 759]
Event: 2.502 Thread 0x000002ba4f172fa0 Exception <a 'java/lang/NoSuchMethodError'{0x00000000a6aa0520}: 'java.lang.Object java.lang.invoke.Invokers$Holder.linkToTargetMethod(java.lang.Object, long, java.lang.Object)'> (0x00000000a6aa0520) 
thrown [s\src\hotspot\share\interpreter\linkResolver.cpp, line 759]
Event: 2.538 Thread 0x000002ba4f172fa0 Exception <a 'java/lang/NoSuchMethodError'{0x00000000a6ae4090}: 'void java.lang.invoke.DirectMethodHandle$Holder.invokeVirtual(java.lang.Object, java.lang.Object, java.lang.Object, java.lang.Object)'> (0x00000000a6ae4090) 
thrown [s\src\hotspot\share\interpreter\linkResolver.cpp, line 759]
Event: 2.671 Thread 0x000002ba4f172fa0 Exception <a 'java/lang/NoSuchMethodError'{0x00000000a683a7c0}: 'void java.lang.invoke.DirectMethodHandle$Holder.invokeSpecial(java.lang.Object, java.lang.Object, java.lang.Object)'> (0x00000000a683a7c0) 
thrown [s\src\hotspot\share\interpreter\linkResolver.cpp, line 759]
Event: 2.672 Thread 0x000002ba4f172fa0 Exception <a 'java/lang/NoSuchMethodError'{0x00000000a6840d98}: 'void java.lang.invoke.DirectMethodHandle$Holder.invokeSpecial(java.lang.Object, java.lang.Object, java.lang.Object, java.lang.Object, java.lang.Object)'> (0x00000000a6840d98) 
thrown [s\src\hotspot\share\interpreter\linkResolver.cpp, line 759]
Event: 2.698 Thread 0x000002ba6cfbe2c0 Exception <a 'java/lang/NoClassDefFoundError'{0x00000000a68969b8}: jakarta/validation/Validation> (0x00000000a68969b8) 
thrown [s\src\hotspot\share\classfile\systemDictionary.cpp, line 245]
Event: 2.704 Thread 0x000002ba4f172fa0 Exception <a 'java/lang/IncompatibleClassChangeError'{0x00000000a6872c78}: Found class java.lang.Object, but interface was expected> (0x00000000a6872c78) 
thrown [s\src\hotspot\share\interpreter\linkResolver.cpp, line 826]
Event: 2.735 Thread 0x000002ba4f172fa0 Exception <a 'java/lang/OutOfMemoryError'{0x00000000a674e270}> (0x00000000a674e270) 
thrown [s\src\hotspot\share\prims\jni.cpp, line 535]

VM Operations (20 events):
Event: 0.194 Executing VM operation: HandshakeAllThreads
Event: 0.194 Executing VM operation: HandshakeAllThreads done
Event: 0.445 Executing VM operation: HandshakeAllThreads
Event: 0.445 Executing VM operation: HandshakeAllThreads done
Event: 0.543 Executing VM operation: HandshakeAllThreads
Event: 0.543 Executing VM operation: HandshakeAllThreads done
Event: 1.546 Executing VM operation: Cleanup
Event: 1.549 Executing VM operation: Cleanup done
Event: 1.591 Executing VM operation: HandshakeAllThreads
Event: 1.591 Executing VM operation: HandshakeAllThreads done
Event: 2.090 Executing VM operation: G1CollectForAllocation
Event: 2.104 Executing VM operation: G1CollectForAllocation done
Event: 2.263 Executing VM operation: HandshakeAllThreads
Event: 2.263 Executing VM operation: HandshakeAllThreads done
Event: 2.647 Executing VM operation: HandshakeAllThreads
Event: 2.647 Executing VM operation: HandshakeAllThreads done
Event: 2.664 Executing VM operation: HandshakeAllThreads
Event: 2.664 Executing VM operation: HandshakeAllThreads done
Event: 2.665 Executing VM operation: HandshakeAllThreads
Event: 2.665 Executing VM operation: HandshakeAllThreads done

Events (20 events):
Event: 2.532 loading class java/util/concurrent/Executors$DefaultThreadFactory
Event: 2.533 loading class java/util/concurrent/Executors$DefaultThreadFactory done
Event: 2.580 loading class java/util/Stack
Event: 2.581 loading class java/util/Stack done
Event: 2.581 loading class java/util/Vector$Itr
Event: 2.581 loading class java/util/Vector$Itr done
Event: 2.684 Thread 0x000002ba6cfbe2c0 Thread added: 0x000002ba6cfbe2c0
Event: 2.705 loading class java/io/UnsupportedEncodingException
Event: 2.705 loading class java/io/UnsupportedEncodingException done
Event: 2.712 loading class java/io/Console
Event: 2.713 loading class java/io/Console done
Event: 2.713 loading class sun/nio/cs/IBM437
Event: 2.713 loading class sun/nio/cs/IBM437 done
Event: 2.714 loading class java/io/Console$2
Event: 2.714 loading class jdk/internal/access/JavaIOAccess
Event: 2.714 loading class jdk/internal/access/JavaIOAccess done
Event: 2.714 loading class java/io/Console$2 done
Event: 2.716 loading class java/lang/StrictMath
Event: 2.716 loading class java/lang/StrictMath done
Event: 2.735 loading class java/util/zip/DataFormatException


Dynamic libraries:
0x00007ff7887a0000 - 0x00007ff7887ae000 	C:\Users\Prats\AppData\Local\Programs\Eclipse Adoptium\jdk-17.0.7.7-hotspot\bin\java.exe
0x00007ff8fd7d0000 - 0x00007ff8fd9e4000 	C:\WINDOWS\SYSTEM32\ntdll.dll
0x00007ff8fb630000 - 0x00007ff8fb6f2000 	C:\WINDOWS\System32\KERNEL32.DLL
0x00007ff8fb180000 - 0x00007ff8fb523000 	C:\WINDOWS\System32\KERNELBASE.dll
0x00007ff8fb030000 - 0x00007ff8fb141000 	C:\WINDOWS\System32\ucrtbase.dll
0x00007ff8d4620000 - 0x00007ff8d4639000 	C:\Users\Prats\AppData\Local\Programs\Eclipse Adoptium\jdk-17.0.7.7-hotspot\bin\VCRUNTIME140.dll
0x00007ff8d4680000 - 0x00007ff8d4697000 	C:\Users\Prats\AppData\Local\Programs\Eclipse Adoptium\jdk-17.0.7.7-hotspot\bin\jli.dll
0x00007ff8fd1a0000 - 0x00007ff8fd34b000 	C:\WINDOWS\System32\USER32.dll
0x00007ff8e4970000 - 0x00007ff8e4bfe000 	C:\WINDOWS\WinSxS\amd64_microsoft.windows.common-controls_6595b64144ccf1df_6.0.22621.1635_none_270f70857386168e\COMCTL32.dll
0x00007ff8fbe60000 - 0x00007ff8fbf07000 	C:\WINDOWS\System32\msvcrt.dll
0x00007ff8fb150000 - 0x00007ff8fb176000 	C:\WINDOWS\System32\win32u.dll
0x00007ff8fc200000 - 0x00007ff8fc229000 	C:\WINDOWS\System32\GDI32.dll
0x00007ff8fad20000 - 0x00007ff8fae38000 	C:\WINDOWS\System32\gdi32full.dll
0x00007ff8fb530000 - 0x00007ff8fb5ca000 	C:\WINDOWS\System32\msvcp_win.dll
0x00007ff8fbf10000 - 0x00007ff8fbf41000 	C:\WINDOWS\System32\IMM32.DLL
0x00007ff8d4e80000 - 0x00007ff8d4e8c000 	C:\Users\Prats\AppData\Local\Programs\Eclipse Adoptium\jdk-17.0.7.7-hotspot\bin\vcruntime140_1.dll
0x00007ff88d7c0000 - 0x00007ff88d851000 	C:\Users\Prats\AppData\Local\Programs\Eclipse Adoptium\jdk-17.0.7.7-hotspot\bin\msvcp140.dll
0x00007ff88cb70000 - 0x00007ff88d7b8000 	C:\Users\Prats\AppData\Local\Programs\Eclipse Adoptium\jdk-17.0.7.7-hotspot\bin\server\jvm.dll
0x00007ff8fbd80000 - 0x00007ff8fbe2e000 	C:\WINDOWS\System32\ADVAPI32.dll
0x00007ff8fb820000 - 0x00007ff8fb8c4000 	C:\WINDOWS\System32\sechost.dll
0x00007ff8fbac0000 - 0x00007ff8fbbd7000 	C:\WINDOWS\System32\RPCRT4.dll
0x00007ff8f5dc0000 - 0x00007ff8f5dc9000 	C:\WINDOWS\SYSTEM32\WSOCK32.dll
0x00007ff8f0b30000 - 0x00007ff8f0b64000 	C:\WINDOWS\SYSTEM32\WINMM.dll
0x00007ff8fba30000 - 0x00007ff8fbaa1000 	C:\WINDOWS\System32\WS2_32.dll
0x00007ff8f2500000 - 0x00007ff8f250a000 	C:\WINDOWS\SYSTEM32\VERSION.dll
0x00007ff8f9bb0000 - 0x00007ff8f9bc8000 	C:\WINDOWS\SYSTEM32\kernel.appcore.dll
0x00007ff8cc280000 - 0x00007ff8cc28a000 	C:\Users\Prats\AppData\Local\Programs\Eclipse Adoptium\jdk-17.0.7.7-hotspot\bin\jimage.dll
0x00007ff8f8810000 - 0x00007ff8f8a3e000 	C:\WINDOWS\SYSTEM32\DBGHELP.DLL
0x00007ff8fd350000 - 0x00007ff8fd6d9000 	C:\WINDOWS\System32\combase.dll
0x00007ff8fbca0000 - 0x00007ff8fbd77000 	C:\WINDOWS\System32\OLEAUT32.dll
0x00007ff8e9dd0000 - 0x00007ff8e9e02000 	C:\WINDOWS\SYSTEM32\dbgcore.DLL
0x00007ff8fafb0000 - 0x00007ff8fb02b000 	C:\WINDOWS\System32\bcryptPrimitives.dll
0x00007ff8f5fd0000 - 0x00007ff8f5fde000 	C:\Users\Prats\AppData\Local\Programs\Eclipse Adoptium\jdk-17.0.7.7-hotspot\bin\instrument.dll
0x00007ff8c2bf0000 - 0x00007ff8c2c15000 	C:\Users\Prats\AppData\Local\Programs\Eclipse Adoptium\jdk-17.0.7.7-hotspot\bin\java.dll
0x00007ff88ca90000 - 0x00007ff88cb66000 	C:\Users\Prats\AppData\Local\Programs\Eclipse Adoptium\jdk-17.0.7.7-hotspot\bin\jsvml.dll
0x00007ff8fc9a0000 - 0x00007ff8fd19a000 	C:\WINDOWS\System32\SHELL32.dll
0x00007ff8f8ba0000 - 0x00007ff8f946e000 	C:\WINDOWS\SYSTEM32\windows.storage.dll
0x00007ff8f8a60000 - 0x00007ff8f8b9e000 	C:\WINDOWS\SYSTEM32\wintypes.dll
0x00007ff8fc0f0000 - 0x00007ff8fc1e1000 	C:\WINDOWS\System32\SHCORE.dll
0x00007ff8fbc40000 - 0x00007ff8fbc9e000 	C:\WINDOWS\System32\shlwapi.dll
0x00007ff8fab20000 - 0x00007ff8fab41000 	C:\WINDOWS\SYSTEM32\profapi.dll
0x00007ff8c2bb0000 - 0x00007ff8c2bc8000 	C:\Users\Prats\AppData\Local\Programs\Eclipse Adoptium\jdk-17.0.7.7-hotspot\bin\zip.dll
0x00007ff8ca880000 - 0x00007ff8ca899000 	C:\Users\Prats\AppData\Local\Programs\Eclipse Adoptium\jdk-17.0.7.7-hotspot\bin\net.dll
0x00007ff8f3e40000 - 0x00007ff8f3f77000 	C:\WINDOWS\SYSTEM32\WINHTTP.dll
0x00007ff8fa080000 - 0x00007ff8fa0e9000 	C:\WINDOWS\system32\mswsock.dll
0x00007ff8c2bd0000 - 0x00007ff8c2be5000 	C:\Users\Prats\AppData\Local\Programs\Eclipse Adoptium\jdk-17.0.7.7-hotspot\bin\nio.dll
0x00007ff8f5fb0000 - 0x00007ff8f5fca000 	C:\Program Files\JetBrains\IntelliJ IDEA Community Edition 2023.1\bin\breakgen64.dll

dbghelp: loaded successfully - version: 4.0.5 - missing functions: none
symbol engine: initialized successfully - sym options: 0x614 - pdb path: .;C:\Users\Prats\AppData\Local\Programs\Eclipse Adoptium\jdk-17.0.7.7-hotspot\bin;C:\WINDOWS\SYSTEM32;C:\WINDOWS\WinSxS\amd64_microsoft.windows.common-controls_6595b64144ccf1df_6.0.22621.1635_none_270f70857386168e;C:\Users\Prats\AppData\Local\Programs\Eclipse Adoptium\jdk-17.0.7.7-hotspot\bin\server;C:\Program Files\JetBrains\IntelliJ IDEA Community Edition 2023.1\bin

VM Arguments:
jvm_args: -javaagent:C:\Program Files\JetBrains\IntelliJ IDEA Community Edition 2023.1\lib\idea_rt.jar=51303:C:\Program Files\JetBrains\IntelliJ IDEA Community Edition 2023.1\bin -Dfile.encoding=UTF-8 
java_command: com.example.springboot.SpringbootWebfluxApplication
java_class_path (initial): C:\Users\Prats\Downloads\springboot-webflux\springboot-webflux\target\classes;C:\Users\Prats\.m2\repository\org\springframework\boot\spring-boot-starter-data-mongodb-reactive\3.1.0\spring-boot-starter-data-mongodb-reactive-3.1.0.jar;C:\Users\Prats\.m2\repository\org\springframework\boot\spring-boot-starter\3.1.0\spring-boot-starter-3.1.0.jar;C:\Users\Prats\.m2\repository\org\springframework\boot\spring-boot\3.1.0\spring-boot-3.1.0.jar;C:\Users\Prats\.m2\repository\org\springframework\boot\spring-boot-autoconfigure\3.1.0\spring-boot-autoconfigure-3.1.0.jar;C:\Users\Prats\.m2\repository\org\springframework\boot\spring-boot-starter-logging\3.1.0\spring-boot-starter-logging-3.1.0.jar;C:\Users\Prats\.m2\repository\ch\qos\logback\logback-classic\1.4.7\logback-classic-1.4.7.jar;C:\Users\Prats\.m2\repository\ch\qos\logback\logback-core\1.4.7\logback-core-1.4.7.jar;C:\Users\Prats\.m2\repository\org\apache\logging\log4j\log4j-to-slf4j\2.20.0\log4j-to-slf4j-2.20.0.jar;C:\Users\Prats\.m2\repository\org\apache\logging\log4j\log4j-api\2.20.0\log4j-api-2.20.0.jar;C:\Users\Prats\.m2\repository\org\slf4j\jul-to-slf4j\2.0.7\jul-to-slf4j-2.0.7.jar;C:\Users\Prats\.m2\repository\jakarta\annotation\jakarta.annotation-api\2.1.1\jakarta.annotation-api-2.1.1.jar;C:\Users\Prats\.m2\repository\org\yaml\snakeyaml\1.33\snakeyaml-1.33.jar;C:\Users\Prats\.m2\repository\io\projectreactor\reactor-core\3.5.6\reactor-core-3.5.6.jar;C:\Users\Prats\.m2\repository\org\reactivestreams\reactive-streams\1.0.4\reactive-streams-1.0.4.jar;C:\Users\Prats\.m2\repository\org\mongodb\mongodb-driver-reactivestreams\4.9.1\mongodb-driver-reactivestreams-4.9.1.jar;C:\Users\Prats\.m2\repository\org\mongodb\bson\4.9.1\bson-4.9.1.jar;C:\Users\Prats\.m2\repository\org\mongodb\mongodb-driver-core\4.9.1\mongodb-driver-core-4.9.1.jar;C:\Users\Prats\.m2\repository\org\mongodb\bson-record-codec\4.9.1\bson-record-codec-4.9.1.jar;C:\Users\Prats\.m2\repository\org\springframework\data\spring-data-mon
Launcher Type: SUN_STANDARD

[Global flags]
     intx CICompilerCount                          = 4                                         {product} {ergonomic}
     uint ConcGCThreads                            = 2                                         {product} {ergonomic}
     uint G1ConcRefinementThreads                  = 8                                         {product} {ergonomic}
   size_t G1HeapRegionSize                         = 1048576                                   {product} {ergonomic}
    uintx GCDrainStackTargetSize                   = 64                                        {product} {ergonomic}
   size_t InitialHeapSize                          = 100663296                                 {product} {ergonomic}
   size_t MarkStackSize                            = 4194304                                   {product} {ergonomic}
   size_t MaxHeapSize                              = 1595932672                                {product} {ergonomic}
   size_t MaxNewSize                               = 957349888                                 {product} {ergonomic}
   size_t MinHeapDeltaBytes                        = 1048576                                   {product} {ergonomic}
   size_t MinHeapSize                              = 8388608                                   {product} {ergonomic}
    uintx NonNMethodCodeHeapSize                   = 5839372                                {pd product} {ergonomic}
    uintx NonProfiledCodeHeapSize                  = 122909434                              {pd product} {ergonomic}
    uintx ProfiledCodeHeapSize                     = 122909434                              {pd product} {ergonomic}
    uintx ReservedCodeCacheSize                    = 251658240                              {pd product} {ergonomic}
     bool SegmentedCodeCache                       = true                                      {product} {ergonomic}
   size_t SoftMaxHeapSize                          = 1595932672                             {manageable} {ergonomic}
     bool UseCompressedClassPointers               = true                           {product lp64_product} {ergonomic}
     bool UseCompressedOops                        = true                           {product lp64_product} {ergonomic}
     bool UseG1GC                                  = true                                      {product} {ergonomic}
     bool UseLargePagesIndividualAllocation        = false                                  {pd product} {ergonomic}

Logging:
Log output configuration:
 #0: stdout all=warning uptime,level,tags
 #1: stderr all=off uptime,level,tags

Environment Variables:
JAVA_HOME=C:\Users\Prats\AppData\Local\Programs\Eclipse Adoptium\jdk-17.0.7.7-hotspot\
PATH=C:\WINDOWS\system32;C:\WINDOWS;C:\WINDOWS\System32\Wbem;C:\WINDOWS\System32\WindowsPowerShell\v1.0\;C:\WINDOWS\System32\OpenSSH\;C:\ProgramData\chocolatey\bin;C:\anaconda;C:\anaconda\Library\mingw-w64\bin;C:\anaconda\Library\usr\bin;C:\anaconda\Library\bin;C:\anaconda\Scripts;C:\Users\Pratik Srivastava\AppData\Local\Microsoft\WindowsApps;C:\Users\Pratik Srivastava\AppData\Local\Programs\Microsoft VS Code\bin;C:\Users\Pratik Srivastava\AppData\Roaming\npm;C:\adb;C:\WINDOWS\system32;C:\WINDOWS;C:\WINDOWS\System32\Wbem;C:\WINDOWS\System32\WindowsPowerShell\v1.0\;C:\WINDOWS\System32\OpenSSH\;C:\Users\Pratik Srivastava\AppData\Local\Programs\Python\Python311\Scripts;C:\Users\Pratik Srivastava\AppData\Local\Programs\Python\Python311\;C:\Program Files\nodejs\;C:\Program Files\Git\cmd;C:\Program Files\MySQL\MySQL Server 8.0\bin;;C:\Program Files\Docker\Docker\resources\bin;C:\Program Files\MySQL\MySQL Shell 8.0\bin\;C:\Users\Prats\AppData\Local\Programs\Eclipse Adoptium\jdk-17.0.7.7-hotspot\bin;C:\Users\Prats\AppData\Local\Microsoft\WindowsApps;C:\Users\Prats\AppData\Local\Programs\Microsoft VS Code\bin;C:\Program Files\JetBrains\IntelliJ IDEA Community Edition 2023.1\bin;;C:\Users\Prats\AppData\Roaming\npm;C:\Program Files\MySQL\MySQL Server 8.0\bin;
USERNAME=Prats
OS=Windows_NT
PROCESSOR_IDENTIFIER=AMD64 Family 23 Model 24 Stepping 1, AuthenticAMD
TMP=C:\Users\Prats\AppData\Local\Temp
TEMP=C:\Users\Prats\AppData\Local\Temp



---------------  S Y S T E M  ---------------

OS:
 Windows 11 , 64 bit Build 22621 (10.0.22621.1635)
OS uptime: 0 days 0:20 hours
Hyper-V role detected

CPU: total 8 (initial active 8) (8 cores per cpu, 2 threads per core) family 23 model 24 stepping 1 microcode 0x0, cx8, cmov, fxsr, ht, mmx, 3dnowpref, sse, sse2, sse3, ssse3, sse4a, sse4.1, sse4.2, popcnt, lzcnt, tsc, tscinvbit, avx, avx2, aes, clmul, bmi1, bmi2, adx, sha, fma, vzeroupper, clflush, clflushopt, hv

Memory: 4k page, system-wide physical 6082M (336M free)
TotalPageFile size 10178M (AvailPageFile size 7M)
current process WorkingSet (physical memory assigned to process): 87M, peak: 87M
current process commit charge ("private bytes"): 199M, peak: 200M

vm_info: OpenJDK 64-Bit Server VM (17.0.7+7) for windows-amd64 JRE (17.0.7+7), built on Apr 18 2023 22:10:42 by "temurin" with MS VC++ 16.7 (VS2019)

END.
