#
# There is insufficient memory for the Java Runtime Environment to continue.
# Native memory allocation (mmap) failed to map 65536 bytes for Failed to commit metaspace.
# Possible reasons:
#   The system is out of physical RAM or swap space
#   The process is running with CompressedOops enabled, and the Java Heap may be blocking the growth of the native heap
# Possible solutions:
#   Reduce memory load on the system
#   Increase physical memory or swap space
#   Check if swap backing store is full
#   Decrease Java heap size (-Xmx/-Xms)
#   Decrease number of Java threads
#   Decrease Java thread stack sizes (-Xss)
#   Set larger code cache with -XX:ReservedCodeCacheSize=
#   JVM is running with Unscaled Compressed Oops mode in which the Java heap is
#     placed in the first 4GB address space. The Java Heap base address is the
#     maximum limit for the native heap growth. Please use -XX:HeapBaseMinAddress
#     to set the Java Heap base and to place the Java Heap above 4GB virtual address.
# This output file may be truncated or incomplete.
#
#  Out of Memory Error (virtualSpaceNode.cpp:110), pid=13792, tid=3216
#
# JRE version: OpenJDK Runtime Environment Temurin-17.0.7+7 (17.0.7+7) (build 17.0.7+7)
# Java VM: OpenJDK 64-Bit Server VM Temurin-17.0.7+7 (17.0.7+7, mixed mode, sharing, tiered, compressed oops, compressed class ptrs, g1 gc, windows-amd64)
# No core dump will be written. Minidumps are not enabled by default on client versions of Windows
#

---------------  S U M M A R Y ------------

Command Line: -javaagent:C:\Program Files\JetBrains\IntelliJ IDEA Community Edition 2023.1\lib\idea_rt.jar=50742:C:\Program Files\JetBrains\IntelliJ IDEA Community Edition 2023.1\bin -Dfile.encoding=UTF-8 com.example.springboot.SpringbootWebfluxApplication

Host: AMD Ryzen 5 3500U with Radeon Vega Mobile Gfx  , 8 cores, 5G,  Windows 11 , 64 bit Build 22621 (10.0.22621.1635)
Time: Sun May 28 19:13:20 2023 India Standard Time elapsed time: 8.189491 seconds (0d 0h 0m 8s)

---------------  T H R E A D  ---------------

Current thread (0x000001b8273d9cc0):  JavaThread "C1 CompilerThread0" daemon [_thread_in_vm, id=3216, stack(0x0000005599c00000,0x0000005599d00000)]


Current CompileTask:
C1:   8189  802       3       java.lang.invoke.MemberName$Factory::resolveOrFail (79 bytes)

Stack: [0x0000005599c00000,0x0000005599d00000]
Native frames: (J=compiled Java code, j=interpreted, Vv=VM code, C=native code)
V  [jvm.dll+0x67754a]
V  [jvm.dll+0x834304]
V  [jvm.dll+0x835aae]
V  [jvm.dll+0x836113]
V  [jvm.dll+0x24696f]
V  [jvm.dll+0x83039b]
V  [jvm.dll+0x61c006]
V  [jvm.dll+0x61c06a]
V  [jvm.dll+0x61e89a]
V  [jvm.dll+0x61c9a6]
V  [jvm.dll+0x62dc3a]
V  [jvm.dll+0x626aaa]
V  [jvm.dll+0x1cd7a0]
V  [jvm.dll+0x1cd98f]
V  [jvm.dll+0x147a21]
V  [jvm.dll+0x147865]
V  [jvm.dll+0x13f0ce]
V  [jvm.dll+0x141685]
V  [jvm.dll+0x13f964]
V  [jvm.dll+0x14833d]
V  [jvm.dll+0x147865]
V  [jvm.dll+0x13f0ce]
V  [jvm.dll+0x141685]
V  [jvm.dll+0x13f964]
V  [jvm.dll+0x1398df]
V  [jvm.dll+0x149456]
V  [jvm.dll+0x134ff0]
V  [jvm.dll+0x135350]
V  [jvm.dll+0x135616]
V  [jvm.dll+0x134aaa]
V  [jvm.dll+0x136771]
V  [jvm.dll+0x2284da]
V  [jvm.dll+0x226615]
V  [jvm.dll+0x7ea90b]
V  [jvm.dll+0x7e4e7a]
V  [jvm.dll+0x676395]
C  [ucrtbase.dll+0x29363]
C  [KERNEL32.DLL+0x126ad]
C  [ntdll.dll+0x5a9f8]


---------------  P R O C E S S  ---------------

Threads class SMR info:
_java_thread_list=0x000001b82795ebb0, length=13, elements={
0x000001b80a324770, 0x000001b8273bfa10, 0x000001b8273c15d0, 0x000001b8273d1b30,
0x000001b8273d46f0, 0x000001b8273d70b0, 0x000001b8273d7a60, 0x000001b8273d87f0,
0x000001b8273d9cc0, 0x000001b8273da6b0, 0x000001b8275e1190, 0x000001b8277bfa70,
0x000001b82795e570
}

Java Threads: ( => current thread )
  0x000001b80a324770 JavaThread "main" [_thread_in_vm, id=15060, stack(0x0000005598e00000,0x0000005598f00000)]
  0x000001b8273bfa10 JavaThread "Reference Handler" daemon [_thread_blocked, id=5528, stack(0x0000005599500000,0x0000005599600000)]
  0x000001b8273c15d0 JavaThread "Finalizer" daemon [_thread_blocked, id=11316, stack(0x0000005599600000,0x0000005599700000)]
  0x000001b8273d1b30 JavaThread "Signal Dispatcher" daemon [_thread_blocked, id=3640, stack(0x0000005599700000,0x0000005599800000)]
  0x000001b8273d46f0 JavaThread "Attach Listener" daemon [_thread_blocked, id=9864, stack(0x0000005599800000,0x0000005599900000)]
  0x000001b8273d70b0 JavaThread "Service Thread" daemon [_thread_blocked, id=6296, stack(0x0000005599900000,0x0000005599a00000)]
  0x000001b8273d7a60 JavaThread "Monitor Deflation Thread" daemon [_thread_blocked, id=5140, stack(0x0000005599a00000,0x0000005599b00000)]
  0x000001b8273d87f0 JavaThread "C2 CompilerThread0" daemon [_thread_blocked, id=9152, stack(0x0000005599b00000,0x0000005599c00000)]
=>0x000001b8273d9cc0 JavaThread "C1 CompilerThread0" daemon [_thread_in_vm, id=3216, stack(0x0000005599c00000,0x0000005599d00000)]
  0x000001b8273da6b0 JavaThread "Sweeper thread" daemon [_thread_blocked, id=8940, stack(0x0000005599d00000,0x0000005599e00000)]
  0x000001b8275e1190 JavaThread "Common-Cleaner" daemon [_thread_blocked, id=8844, stack(0x0000005599e00000,0x0000005599f00000)]
  0x000001b8277bfa70 JavaThread "Monitor Ctrl-Break" daemon [_thread_in_native, id=8160, stack(0x0000005599f00000,0x000000559a000000)]
  0x000001b82795e570 JavaThread "Notification Thread" daemon [_thread_blocked, id=11056, stack(0x000000559a000000,0x000000559a100000)]

Other Threads:
  0x000001b8273b9d20 VMThread "VM Thread" [stack: 0x0000005599400000,0x0000005599500000] [id=4628]
  0x000001b80818eba0 WatcherThread [stack: 0x000000559a100000,0x000000559a200000] [id=12732]
  0x000001b80a371990 GCTaskThread "GC Thread#0" [stack: 0x0000005598f00000,0x0000005599000000] [id=8876]
  0x000001b80a37e710 ConcurrentGCThread "G1 Main Marker" [stack: 0x0000005599000000,0x0000005599100000] [id=3848]
  0x000001b80a37f120 ConcurrentGCThread "G1 Conc#0" [stack: 0x0000005599100000,0x0000005599200000] [id=5280]
  0x000001b80a3d1020 ConcurrentGCThread "G1 Refine#0" [stack: 0x0000005599200000,0x0000005599300000] [id=6620]
  0x000001b8272810b0 ConcurrentGCThread "G1 Service" [stack: 0x0000005599300000,0x0000005599400000] [id=5164]

Threads with active compile tasks:
C1 CompilerThread0     8273  802       3       java.lang.invoke.MemberName$Factory::resolveOrFail (79 bytes)

VM state: not at safepoint (normal execution)

VM Mutex/Monitor currently owned by a thread:  ([mutex/lock_event])
[0x000001b80a31e630] Metaspace_lock - owner thread: 0x000001b8273d9cc0
[0x000001b80a320570] MethodData_lock - owner thread: 0x000001b8273d9cc0

Heap address: 0x00000000a0e00000, size: 1522 MB, Compressed Oops mode: 32-bit

CDS archive(s) mapped at: [0x0000000800000000-0x0000000800bc0000-0x0000000800bc0000), size 12320768, SharedBaseAddress: 0x0000000800000000, ArchiveRelocationMode: 0.
Compressed class space mapped at: 0x0000000801000000-0x0000000841000000, reserved size: 1073741824
Narrow klass base: 0x0000000800000000, Narrow klass shift: 0, Narrow klass range: 0x100000000

GC Precious Log:
 CPUs: 8 total, 8 available
 Memory: 6082M
 Large Page Support: Disabled
 NUMA Support: Disabled
 Compressed Oops: Enabled (32-bit)
 Heap Region Size: 1M
 Heap Min Capacity: 8M
 Heap Initial Capacity: 96M
 Heap Max Capacity: 1522M
 Pre-touch: Disabled
 Parallel Workers: 8
 Concurrent Workers: 2
 Concurrent Refinement Workers: 8
 Periodic GC: Disabled

Heap:
 garbage-first heap   total 98304K, used 12288K [0x00000000a0e00000, 0x0000000100000000)
  region size 1024K, 14 young (14336K), 0 survivors (0K)
 Metaspace       used 3684K, committed 3840K, reserved 1114112K
  class space    used 379K, committed 512K, reserved 1048576K

Heap Regions: E=young(eden), S=young(survivor), O=old, HS=humongous(starts), HC=humongous(continues), CS=collection set, F=free, OA=open archive, CA=closed archive, TAMS=top-at-mark-start (previous, next)
|   0|0x00000000a0e00000, 0x00000000a0e00000, 0x00000000a0f00000|  0%| F|  |TAMS 0x00000000a0e00000, 0x00000000a0e00000| Untracked 
|   1|0x00000000a0f00000, 0x00000000a0f00000, 0x00000000a1000000|  0%| F|  |TAMS 0x00000000a0f00000, 0x00000000a0f00000| Untracked 
|   2|0x00000000a1000000, 0x00000000a1000000, 0x00000000a1100000|  0%| F|  |TAMS 0x00000000a1000000, 0x00000000a1000000| Untracked 
|   3|0x00000000a1100000, 0x00000000a1100000, 0x00000000a1200000|  0%| F|  |TAMS 0x00000000a1100000, 0x00000000a1100000| Untracked 
|   4|0x00000000a1200000, 0x00000000a1200000, 0x00000000a1300000|  0%| F|  |TAMS 0x00000000a1200000, 0x00000000a1200000| Untracked 
|   5|0x00000000a1300000, 0x00000000a1300000, 0x00000000a1400000|  0%| F|  |TAMS 0x00000000a1300000, 0x00000000a1300000| Untracked 
|   6|0x00000000a1400000, 0x00000000a1400000, 0x00000000a1500000|  0%| F|  |TAMS 0x00000000a1400000, 0x00000000a1400000| Untracked 
|   7|0x00000000a1500000, 0x00000000a1500000, 0x00000000a1600000|  0%| F|  |TAMS 0x00000000a1500000, 0x00000000a1500000| Untracked 
|   8|0x00000000a1600000, 0x00000000a1600000, 0x00000000a1700000|  0%| F|  |TAMS 0x00000000a1600000, 0x00000000a1600000| Untracked 
|   9|0x00000000a1700000, 0x00000000a1700000, 0x00000000a1800000|  0%| F|  |TAMS 0x00000000a1700000, 0x00000000a1700000| Untracked 
|  10|0x00000000a1800000, 0x00000000a1800000, 0x00000000a1900000|  0%| F|  |TAMS 0x00000000a1800000, 0x00000000a1800000| Untracked 
|  11|0x00000000a1900000, 0x00000000a1900000, 0x00000000a1a00000|  0%| F|  |TAMS 0x00000000a1900000, 0x00000000a1900000| Untracked 
|  12|0x00000000a1a00000, 0x00000000a1a00000, 0x00000000a1b00000|  0%| F|  |TAMS 0x00000000a1a00000, 0x00000000a1a00000| Untracked 
|  13|0x00000000a1b00000, 0x00000000a1b00000, 0x00000000a1c00000|  0%| F|  |TAMS 0x00000000a1b00000, 0x00000000a1b00000| Untracked 
|  14|0x00000000a1c00000, 0x00000000a1c00000, 0x00000000a1d00000|  0%| F|  |TAMS 0x00000000a1c00000, 0x00000000a1c00000| Untracked 
|  15|0x00000000a1d00000, 0x00000000a1d00000, 0x00000000a1e00000|  0%| F|  |TAMS 0x00000000a1d00000, 0x00000000a1d00000| Untracked 
|  16|0x00000000a1e00000, 0x00000000a1e00000, 0x00000000a1f00000|  0%| F|  |TAMS 0x00000000a1e00000, 0x00000000a1e00000| Untracked 
|  17|0x00000000a1f00000, 0x00000000a1f00000, 0x00000000a2000000|  0%| F|  |TAMS 0x00000000a1f00000, 0x00000000a1f00000| Untracked 
|  18|0x00000000a2000000, 0x00000000a2000000, 0x00000000a2100000|  0%| F|  |TAMS 0x00000000a2000000, 0x00000000a2000000| Untracked 
|  19|0x00000000a2100000, 0x00000000a2100000, 0x00000000a2200000|  0%| F|  |TAMS 0x00000000a2100000, 0x00000000a2100000| Untracked 
|  20|0x00000000a2200000, 0x00000000a2200000, 0x00000000a2300000|  0%| F|  |TAMS 0x00000000a2200000, 0x00000000a2200000| Untracked 
|  21|0x00000000a2300000, 0x00000000a2300000, 0x00000000a2400000|  0%| F|  |TAMS 0x00000000a2300000, 0x00000000a2300000| Untracked 
|  22|0x00000000a2400000, 0x00000000a2400000, 0x00000000a2500000|  0%| F|  |TAMS 0x00000000a2400000, 0x00000000a2400000| Untracked 
|  23|0x00000000a2500000, 0x00000000a2500000, 0x00000000a2600000|  0%| F|  |TAMS 0x00000000a2500000, 0x00000000a2500000| Untracked 
|  24|0x00000000a2600000, 0x00000000a2600000, 0x00000000a2700000|  0%| F|  |TAMS 0x00000000a2600000, 0x00000000a2600000| Untracked 
|  25|0x00000000a2700000, 0x00000000a2700000, 0x00000000a2800000|  0%| F|  |TAMS 0x00000000a2700000, 0x00000000a2700000| Untracked 
|  26|0x00000000a2800000, 0x00000000a2800000, 0x00000000a2900000|  0%| F|  |TAMS 0x00000000a2800000, 0x00000000a2800000| Untracked 
|  27|0x00000000a2900000, 0x00000000a2900000, 0x00000000a2a00000|  0%| F|  |TAMS 0x00000000a2900000, 0x00000000a2900000| Untracked 
|  28|0x00000000a2a00000, 0x00000000a2a00000, 0x00000000a2b00000|  0%| F|  |TAMS 0x00000000a2a00000, 0x00000000a2a00000| Untracked 
|  29|0x00000000a2b00000, 0x00000000a2b00000, 0x00000000a2c00000|  0%| F|  |TAMS 0x00000000a2b00000, 0x00000000a2b00000| Untracked 
|  30|0x00000000a2c00000, 0x00000000a2c00000, 0x00000000a2d00000|  0%| F|  |TAMS 0x00000000a2c00000, 0x00000000a2c00000| Untracked 
|  31|0x00000000a2d00000, 0x00000000a2d00000, 0x00000000a2e00000|  0%| F|  |TAMS 0x00000000a2d00000, 0x00000000a2d00000| Untracked 
|  32|0x00000000a2e00000, 0x00000000a2e00000, 0x00000000a2f00000|  0%| F|  |TAMS 0x00000000a2e00000, 0x00000000a2e00000| Untracked 
|  33|0x00000000a2f00000, 0x00000000a2f00000, 0x00000000a3000000|  0%| F|  |TAMS 0x00000000a2f00000, 0x00000000a2f00000| Untracked 
|  34|0x00000000a3000000, 0x00000000a3000000, 0x00000000a3100000|  0%| F|  |TAMS 0x00000000a3000000, 0x00000000a3000000| Untracked 
|  35|0x00000000a3100000, 0x00000000a3100000, 0x00000000a3200000|  0%| F|  |TAMS 0x00000000a3100000, 0x00000000a3100000| Untracked 
|  36|0x00000000a3200000, 0x00000000a3200000, 0x00000000a3300000|  0%| F|  |TAMS 0x00000000a3200000, 0x00000000a3200000| Untracked 
|  37|0x00000000a3300000, 0x00000000a3300000, 0x00000000a3400000|  0%| F|  |TAMS 0x00000000a3300000, 0x00000000a3300000| Untracked 
|  38|0x00000000a3400000, 0x00000000a3400000, 0x00000000a3500000|  0%| F|  |TAMS 0x00000000a3400000, 0x00000000a3400000| Untracked 
|  39|0x00000000a3500000, 0x00000000a3500000, 0x00000000a3600000|  0%| F|  |TAMS 0x00000000a3500000, 0x00000000a3500000| Untracked 
|  40|0x00000000a3600000, 0x00000000a3600000, 0x00000000a3700000|  0%| F|  |TAMS 0x00000000a3600000, 0x00000000a3600000| Untracked 
|  41|0x00000000a3700000, 0x00000000a3700000, 0x00000000a3800000|  0%| F|  |TAMS 0x00000000a3700000, 0x00000000a3700000| Untracked 
|  42|0x00000000a3800000, 0x00000000a3800000, 0x00000000a3900000|  0%| F|  |TAMS 0x00000000a3800000, 0x00000000a3800000| Untracked 
|  43|0x00000000a3900000, 0x00000000a3900000, 0x00000000a3a00000|  0%| F|  |TAMS 0x00000000a3900000, 0x00000000a3900000| Untracked 
|  44|0x00000000a3a00000, 0x00000000a3a00000, 0x00000000a3b00000|  0%| F|  |TAMS 0x00000000a3a00000, 0x00000000a3a00000| Untracked 
|  45|0x00000000a3b00000, 0x00000000a3b00000, 0x00000000a3c00000|  0%| F|  |TAMS 0x00000000a3b00000, 0x00000000a3b00000| Untracked 
|  46|0x00000000a3c00000, 0x00000000a3c00000, 0x00000000a3d00000|  0%| F|  |TAMS 0x00000000a3c00000, 0x00000000a3c00000| Untracked 
|  47|0x00000000a3d00000, 0x00000000a3d00000, 0x00000000a3e00000|  0%| F|  |TAMS 0x00000000a3d00000, 0x00000000a3d00000| Untracked 
|  48|0x00000000a3e00000, 0x00000000a3e00000, 0x00000000a3f00000|  0%| F|  |TAMS 0x00000000a3e00000, 0x00000000a3e00000| Untracked 
|  49|0x00000000a3f00000, 0x00000000a3f00000, 0x00000000a4000000|  0%| F|  |TAMS 0x00000000a3f00000, 0x00000000a3f00000| Untracked 
|  50|0x00000000a4000000, 0x00000000a4000000, 0x00000000a4100000|  0%| F|  |TAMS 0x00000000a4000000, 0x00000000a4000000| Untracked 
|  51|0x00000000a4100000, 0x00000000a4100000, 0x00000000a4200000|  0%| F|  |TAMS 0x00000000a4100000, 0x00000000a4100000| Untracked 
|  52|0x00000000a4200000, 0x00000000a4200000, 0x00000000a4300000|  0%| F|  |TAMS 0x00000000a4200000, 0x00000000a4200000| Untracked 
|  53|0x00000000a4300000, 0x00000000a4300000, 0x00000000a4400000|  0%| F|  |TAMS 0x00000000a4300000, 0x00000000a4300000| Untracked 
|  54|0x00000000a4400000, 0x00000000a4400000, 0x00000000a4500000|  0%| F|  |TAMS 0x00000000a4400000, 0x00000000a4400000| Untracked 
|  55|0x00000000a4500000, 0x00000000a4500000, 0x00000000a4600000|  0%| F|  |TAMS 0x00000000a4500000, 0x00000000a4500000| Untracked 
|  56|0x00000000a4600000, 0x00000000a4600000, 0x00000000a4700000|  0%| F|  |TAMS 0x00000000a4600000, 0x00000000a4600000| Untracked 
|  57|0x00000000a4700000, 0x00000000a4700000, 0x00000000a4800000|  0%| F|  |TAMS 0x00000000a4700000, 0x00000000a4700000| Untracked 
|  58|0x00000000a4800000, 0x00000000a4800000, 0x00000000a4900000|  0%| F|  |TAMS 0x00000000a4800000, 0x00000000a4800000| Untracked 
|  59|0x00000000a4900000, 0x00000000a4900000, 0x00000000a4a00000|  0%| F|  |TAMS 0x00000000a4900000, 0x00000000a4900000| Untracked 
|  60|0x00000000a4a00000, 0x00000000a4a00000, 0x00000000a4b00000|  0%| F|  |TAMS 0x00000000a4a00000, 0x00000000a4a00000| Untracked 
|  61|0x00000000a4b00000, 0x00000000a4b00000, 0x00000000a4c00000|  0%| F|  |TAMS 0x00000000a4b00000, 0x00000000a4b00000| Untracked 
|  62|0x00000000a4c00000, 0x00000000a4c00000, 0x00000000a4d00000|  0%| F|  |TAMS 0x00000000a4c00000, 0x00000000a4c00000| Untracked 
|  63|0x00000000a4d00000, 0x00000000a4d00000, 0x00000000a4e00000|  0%| F|  |TAMS 0x00000000a4d00000, 0x00000000a4d00000| Untracked 
|  64|0x00000000a4e00000, 0x00000000a4e00000, 0x00000000a4f00000|  0%| F|  |TAMS 0x00000000a4e00000, 0x00000000a4e00000| Untracked 
|  65|0x00000000a4f00000, 0x00000000a4f00000, 0x00000000a5000000|  0%| F|  |TAMS 0x00000000a4f00000, 0x00000000a4f00000| Untracked 
|  66|0x00000000a5000000, 0x00000000a5000000, 0x00000000a5100000|  0%| F|  |TAMS 0x00000000a5000000, 0x00000000a5000000| Untracked 
|  67|0x00000000a5100000, 0x00000000a5100000, 0x00000000a5200000|  0%| F|  |TAMS 0x00000000a5100000, 0x00000000a5100000| Untracked 
|  68|0x00000000a5200000, 0x00000000a5200000, 0x00000000a5300000|  0%| F|  |TAMS 0x00000000a5200000, 0x00000000a5200000| Untracked 
|  69|0x00000000a5300000, 0x00000000a5300000, 0x00000000a5400000|  0%| F|  |TAMS 0x00000000a5300000, 0x00000000a5300000| Untracked 
|  70|0x00000000a5400000, 0x00000000a5400000, 0x00000000a5500000|  0%| F|  |TAMS 0x00000000a5400000, 0x00000000a5400000| Untracked 
|  71|0x00000000a5500000, 0x00000000a5500000, 0x00000000a5600000|  0%| F|  |TAMS 0x00000000a5500000, 0x00000000a5500000| Untracked 
|  72|0x00000000a5600000, 0x00000000a5600000, 0x00000000a5700000|  0%| F|  |TAMS 0x00000000a5600000, 0x00000000a5600000| Untracked 
|  73|0x00000000a5700000, 0x00000000a5700000, 0x00000000a5800000|  0%| F|  |TAMS 0x00000000a5700000, 0x00000000a5700000| Untracked 
|  74|0x00000000a5800000, 0x00000000a5800000, 0x00000000a5900000|  0%| F|  |TAMS 0x00000000a5800000, 0x00000000a5800000| Untracked 
|  75|0x00000000a5900000, 0x00000000a5900000, 0x00000000a5a00000|  0%| F|  |TAMS 0x00000000a5900000, 0x00000000a5900000| Untracked 
|  76|0x00000000a5a00000, 0x00000000a5a00000, 0x00000000a5b00000|  0%| F|  |TAMS 0x00000000a5a00000, 0x00000000a5a00000| Untracked 
|  77|0x00000000a5b00000, 0x00000000a5b00000, 0x00000000a5c00000|  0%| F|  |TAMS 0x00000000a5b00000, 0x00000000a5b00000| Untracked 
|  78|0x00000000a5c00000, 0x00000000a5c00000, 0x00000000a5d00000|  0%| F|  |TAMS 0x00000000a5c00000, 0x00000000a5c00000| Untracked 
|  79|0x00000000a5d00000, 0x00000000a5d00000, 0x00000000a5e00000|  0%| F|  |TAMS 0x00000000a5d00000, 0x00000000a5d00000| Untracked 
|  80|0x00000000a5e00000, 0x00000000a5e00000, 0x00000000a5f00000|  0%| F|  |TAMS 0x00000000a5e00000, 0x00000000a5e00000| Untracked 
|  81|0x00000000a5f00000, 0x00000000a5f00000, 0x00000000a6000000|  0%| F|  |TAMS 0x00000000a5f00000, 0x00000000a5f00000| Untracked 
|  82|0x00000000a6000000, 0x00000000a6079550, 0x00000000a6100000| 47%| E|  |TAMS 0x00000000a6000000, 0x00000000a6000000| Complete 
|  83|0x00000000a6100000, 0x00000000a6200000, 0x00000000a6200000|100%| E|CS|TAMS 0x00000000a6100000, 0x00000000a6100000| Complete 
|  84|0x00000000a6200000, 0x00000000a6300000, 0x00000000a6300000|100%| E|CS|TAMS 0x00000000a6200000, 0x00000000a6200000| Complete 
|  85|0x00000000a6300000, 0x00000000a6400000, 0x00000000a6400000|100%| E|CS|TAMS 0x00000000a6300000, 0x00000000a6300000| Complete 
|  86|0x00000000a6400000, 0x00000000a6500000, 0x00000000a6500000|100%| E|CS|TAMS 0x00000000a6400000, 0x00000000a6400000| Complete 
|  87|0x00000000a6500000, 0x00000000a6600000, 0x00000000a6600000|100%| E|CS|TAMS 0x00000000a6500000, 0x00000000a6500000| Complete 
|  88|0x00000000a6600000, 0x00000000a6700000, 0x00000000a6700000|100%| E|CS|TAMS 0x00000000a6600000, 0x00000000a6600000| Complete 
|  89|0x00000000a6700000, 0x00000000a6800000, 0x00000000a6800000|100%| E|CS|TAMS 0x00000000a6700000, 0x00000000a6700000| Complete 
|  90|0x00000000a6800000, 0x00000000a6900000, 0x00000000a6900000|100%| E|CS|TAMS 0x00000000a6800000, 0x00000000a6800000| Complete 
|  91|0x00000000a6900000, 0x00000000a6a00000, 0x00000000a6a00000|100%| E|  |TAMS 0x00000000a6900000, 0x00000000a6900000| Complete 
|  92|0x00000000a6a00000, 0x00000000a6b00000, 0x00000000a6b00000|100%| E|CS|TAMS 0x00000000a6a00000, 0x00000000a6a00000| Complete 
|  93|0x00000000a6b00000, 0x00000000a6c00000, 0x00000000a6c00000|100%| E|CS|TAMS 0x00000000a6b00000, 0x00000000a6b00000| Complete 
|  94|0x00000000a6c00000, 0x00000000a6d00000, 0x00000000a6d00000|100%| E|CS|TAMS 0x00000000a6c00000, 0x00000000a6c00000| Complete 
|  95|0x00000000a6d00000, 0x00000000a6e00000, 0x00000000a6e00000|100%| E|CS|TAMS 0x00000000a6d00000, 0x00000000a6d00000| Complete 

Card table byte_map: [0x000001b821430000,0x000001b821730000] _byte_map_base: 0x000001b820f29000

Marking Bits (Prev, Next): (CMBitMap*) 0x000001b80a371fa0, (CMBitMap*) 0x000001b80a371fe0
 Prev Bits: [0x000001b821a30000, 0x000001b8231f8000)
 Next Bits: [0x000001b823200000, 0x000001b8249c8000)

Polling page: 0x000001b809ae0000

Metaspace:

Usage:
  Non-class:      3.23 MB used.
      Class:    379.69 KB used.
       Both:      3.60 MB used.

Virtual space:
  Non-class space:       64.00 MB reserved,       3.25 MB (  5%) committed,  1 nodes.
      Class space:        1.00 GB reserved,     512.00 KB ( <1%) committed,  1 nodes.
             Both:        1.06 GB reserved,       3.75 MB ( <1%) committed. 

Chunk freelists:
   Non-Class:  10.81 MB
       Class:  15.55 MB
        Both:  26.36 MB

MaxMetaspaceSize: unlimited
CompressedClassSpaceSize: 1.00 GB
Initial GC threshold: 21.00 MB
Current GC threshold: 21.00 MB
CDS: on
MetaspaceReclaimPolicy: balanced
 - commit_granule_bytes: 65536.
 - commit_granule_words: 8192.
 - virtual_space_node_default_size: 8388608.
 - enlarge_chunks_in_place: 1.
 - new_chunks_are_fully_committed: 0.
 - uncommit_free_chunks: 1.
 - use_allocation_guard: 0.
 - handle_deallocations: 1.


Internal statistics:

num_allocs_failed_limit: 0.
num_arena_births: 60.
num_arena_deaths: 0.
num_vsnodes_births: 2.
num_vsnodes_deaths: 0.
num_space_committed: 60.
num_space_uncommitted: 0.
num_chunks_returned_to_freelist: 0.
num_chunks_taken_from_freelist: 129.
num_chunk_merges: 0.
num_chunk_splits: 83.
num_chunks_enlarged: 61.
num_inconsistent_stats: 0.

CodeHeap 'non-profiled nmethods': size=120000Kb used=287Kb max_used=287Kb free=119712Kb
 bounds [0x000001b8198d0000, 0x000001b819b40000, 0x000001b820e00000]
CodeHeap 'profiled nmethods': size=120000Kb used=1427Kb max_used=1427Kb free=118572Kb
 bounds [0x000001b811e00000, 0x000001b812070000, 0x000001b819330000]
CodeHeap 'non-nmethods': size=5760Kb used=1141Kb max_used=1160Kb free=4618Kb
 bounds [0x000001b819330000, 0x000001b8195a0000, 0x000001b8198d0000]
 total_blobs=1228 nmethods=800 adapters=341
 compilation: enabled
              stopped_count=0, restarted_count=0
 full_count=0

Compilation events (20 events):
Event: 8.116 Thread 0x000001b8273d9cc0  792       3       java.util.zip.Checksum::update (11 bytes)
Event: 8.117 Thread 0x000001b8273d9cc0 nmethod 792 0x000001b811f5f290 code [0x000001b811f5f440, 0x000001b811f5f648]
Event: 8.117 Thread 0x000001b8273d9cc0  793       3       java.util.zip.CRC32::update (51 bytes)
Event: 8.118 Thread 0x000001b8273d9cc0 nmethod 793 0x000001b811f5f790 code [0x000001b811f5f980, 0x000001b811f5fda8]
Event: 8.143 Thread 0x000001b8273d9cc0  794       3       java.io.File::<init> (111 bytes)
Event: 8.144 Thread 0x000001b8273d9cc0 nmethod 794 0x000001b811f5ff90 code [0x000001b811f60240, 0x000001b811f60c88]
Event: 8.144 Thread 0x000001b8273d9cc0  795       3       java.security.CodeSource::matchCerts (254 bytes)
Event: 8.146 Thread 0x000001b8273d9cc0 nmethod 795 0x000001b811f61010 code [0x000001b811f61280, 0x000001b811f61e18]
Event: 8.146 Thread 0x000001b8273d9cc0  796   !   3       jdk.internal.loader.URLClassPath$FileLoader::getResource (164 bytes)
Event: 8.149 Thread 0x000001b8273d9cc0 nmethod 796 0x000001b811f62210 code [0x000001b811f62560, 0x000001b811f63908]
Event: 8.169 Thread 0x000001b8273d87f0  797       4       java.nio.Buffer::scope (17 bytes)
Event: 8.170 Thread 0x000001b8273d87f0 nmethod 797 0x000001b819916710 code [0x000001b819916880, 0x000001b819916918]
Event: 8.170 Thread 0x000001b8273d9cc0  798       3       java.lang.Integer::numberOfLeadingZeros (79 bytes)
Event: 8.171 Thread 0x000001b8273d9cc0 nmethod 798 0x000001b811f64210 code [0x000001b811f643c0, 0x000001b811f64698]
Event: 8.179 Thread 0x000001b8273d87f0  799       4       java.lang.String::toString (2 bytes)
Event: 8.180 Thread 0x000001b8273d9cc0  800       3       jdk.internal.org.objectweb.asm.ByteVector::putByteArray (49 bytes)
Event: 8.180 Thread 0x000001b8273d87f0 nmethod 799 0x000001b819916a10 code [0x000001b819916b80, 0x000001b819916bf8]
Event: 8.180 Thread 0x000001b8273d9cc0 nmethod 800 0x000001b811f64710 code [0x000001b811f648c0, 0x000001b811f64b98]
Event: 8.182 Thread 0x000001b8273d87f0  801       4       java.util.HashMap::resize (356 bytes)
Event: 8.183 Thread 0x000001b8273d9cc0  802       3       java.lang.invoke.MemberName$Factory::resolveOrFail (79 bytes)

GC Heap History (0 events):
No events

Dll operation events (9 events):
Event: 0.132 Loaded shared library C:\Users\Prats\AppData\Local\Programs\Eclipse Adoptium\jdk-17.0.7.7-hotspot\bin\java.dll
Event: 0.345 Loaded shared library C:\Users\Prats\AppData\Local\Programs\Eclipse Adoptium\jdk-17.0.7.7-hotspot\bin\jsvml.dll
Event: 2.077 Loaded shared library C:\Users\Prats\AppData\Local\Programs\Eclipse Adoptium\jdk-17.0.7.7-hotspot\bin\zip.dll
Event: 2.115 Loaded shared library C:\Users\Prats\AppData\Local\Programs\Eclipse Adoptium\jdk-17.0.7.7-hotspot\bin\instrument.dll
Event: 2.251 Loaded shared library C:\Users\Prats\AppData\Local\Programs\Eclipse Adoptium\jdk-17.0.7.7-hotspot\bin\net.dll
Event: 2.274 Loaded shared library C:\Users\Prats\AppData\Local\Programs\Eclipse Adoptium\jdk-17.0.7.7-hotspot\bin\nio.dll
Event: 2.313 Loaded shared library C:\Users\Prats\AppData\Local\Programs\Eclipse Adoptium\jdk-17.0.7.7-hotspot\bin\zip.dll
Event: 5.281 Loaded shared library C:\Program Files\JetBrains\IntelliJ IDEA Community Edition 2023.1\bin\breakgen64.dll
Event: 6.909 Loaded shared library C:\Users\Prats\AppData\Local\Programs\Eclipse Adoptium\jdk-17.0.7.7-hotspot\bin\jimage.dll

Deoptimization events (20 events):
Event: 6.932 Thread 0x000001b80a324770 DEOPT PACKING pc=0x000001b811e49984 sp=0x0000005598efcc60
Event: 6.932 Thread 0x000001b80a324770 DEOPT UNPACKING pc=0x000001b819387143 sp=0x0000005598efc110 mode 0
Event: 6.937 Thread 0x000001b80a324770 DEOPT PACKING pc=0x000001b811e3ced6 sp=0x0000005598ef94a0
Event: 6.937 Thread 0x000001b80a324770 DEOPT UNPACKING pc=0x000001b819387143 sp=0x0000005598ef8928 mode 0
Event: 7.080 Thread 0x000001b8273d46f0 Uncommon trap: trap_request=0xffffff45 fr.pc=0x000001b8198f26ac relative=0x000000000000028c
Event: 7.080 Thread 0x000001b8273d46f0 Uncommon trap: reason=unstable_if action=reinterpret pc=0x000001b8198f26ac method=java.lang.String.startsWith(Ljava/lang/String;I)Z @ 14 c2
Event: 7.080 Thread 0x000001b8273d46f0 DEOPT PACKING pc=0x000001b8198f26ac sp=0x00000055998fe920
Event: 7.080 Thread 0x000001b8273d46f0 DEOPT UNPACKING pc=0x000001b8193869a3 sp=0x00000055998fe880 mode 2
Event: 7.268 Thread 0x000001b80a324770 DEOPT PACKING pc=0x000001b811e61c65 sp=0x0000005598efc760
Event: 7.268 Thread 0x000001b80a324770 DEOPT UNPACKING pc=0x000001b819387143 sp=0x0000005598efbbb0 mode 0
Event: 7.479 Thread 0x000001b80a324770 DEOPT PACKING pc=0x000001b811e440be sp=0x0000005598ef9a10
Event: 7.479 Thread 0x000001b80a324770 DEOPT UNPACKING pc=0x000001b819387143 sp=0x0000005598ef8e88 mode 0
Event: 7.578 Thread 0x000001b80a324770 Uncommon trap: trap_request=0xffffff45 fr.pc=0x000001b8198f9610 relative=0x0000000000001370
Event: 7.578 Thread 0x000001b80a324770 Uncommon trap: reason=unstable_if action=reinterpret pc=0x000001b8198f9610 method=java.util.HashMap.hash(Ljava/lang/Object;)I @ 1 c2
Event: 7.578 Thread 0x000001b80a324770 DEOPT PACKING pc=0x000001b8198f9610 sp=0x0000005598efcfd0
Event: 7.578 Thread 0x000001b80a324770 DEOPT UNPACKING pc=0x000001b8193869a3 sp=0x0000005598efcf80 mode 2
Event: 7.925 Thread 0x000001b80a324770 Uncommon trap: trap_request=0xffffffde fr.pc=0x000001b819906c78 relative=0x0000000000000438
Event: 7.925 Thread 0x000001b80a324770 Uncommon trap: reason=class_check action=maybe_recompile pc=0x000001b819906c78 method=java.util.HashMap.getNode(Ljava/lang/Object;)Ljava/util/HashMap$Node; @ 128 c2
Event: 7.925 Thread 0x000001b80a324770 DEOPT PACKING pc=0x000001b819906c78 sp=0x0000005598efe3e0
Event: 7.925 Thread 0x000001b80a324770 DEOPT UNPACKING pc=0x000001b8193869a3 sp=0x0000005598efe358 mode 2

Classes unloaded (0 events):
No events

Classes redefined (0 events):
No events

Internal exceptions (8 events):
Event: 5.730 Thread 0x000001b8277bfa70 Exception <a 'java/lang/NoSuchMethodError'{0x00000000a68e1f80}: 'java.lang.Object java.lang.invoke.DirectMethodHandle$Holder.invokeStaticInit(java.lang.Object)'> (0x00000000a68e1f80) 
thrown [s\src\hotspot\share\interpreter\linkResolver.cpp, line 759]
Event: 5.991 Thread 0x000001b8277bfa70 Exception <a 'java/lang/NoSuchMethodError'{0x00000000a68effb0}: 'void java.lang.invoke.DirectMethodHandle$Holder.invokeStatic(java.lang.Object, java.lang.Object)'> (0x00000000a68effb0) 
thrown [s\src\hotspot\share\interpreter\linkResolver.cpp, line 759]
Event: 7.283 Thread 0x000001b80a324770 Exception <a 'java/lang/ClassNotFoundException'{0x00000000a6417780}: javax/smartcardio/CardPermission> (0x00000000a6417780) 
thrown [s\src\hotspot\share\classfile\systemDictionary.cpp, line 256]
Event: 7.388 Thread 0x000001b80a324770 Exception <a 'java/io/FileNotFoundException'{0x00000000a64261e0}> (0x00000000a64261e0) 
thrown [s\src\hotspot\share\prims\jni.cpp, line 516]
Event: 7.578 Thread 0x000001b80a324770 Implicit null exception at 0x000001b8198f82de to 0x000001b8198f95fc
Event: 7.837 Thread 0x000001b80a324770 Exception <a 'java/lang/NoSuchMethodError'{0x00000000a6228630}: 'void java.lang.invoke.DirectMethodHandle$Holder.invokeStatic(java.lang.Object, java.lang.Object, java.lang.Object, java.lang.Object)'> (0x00000000a6228630) 
thrown [s\src\hotspot\share\interpreter\linkResolver.cpp, line 759]
Event: 7.998 Thread 0x000001b80a324770 Exception <a 'java/lang/NoSuchMethodError'{0x00000000a6167618}: 'int java.lang.invoke.DirectMethodHandle$Holder.invokeStaticInit(java.lang.Object, java.lang.Object)'> (0x00000000a6167618) 
thrown [s\src\hotspot\share\interpreter\linkResolver.cpp, line 759]
Event: 8.054 Thread 0x000001b80a324770 Exception <a 'java/lang/NoSuchMethodError'{0x00000000a61a9368}: 'void java.lang.invoke.DirectMethodHandle$Holder.invokeInterface(java.lang.Object, java.lang.Object, java.lang.Object, java.lang.Object)'> (0x00000000a61a9368) 
thrown [s\src\hotspot\share\interpreter\linkResolver.cpp, line 759]

VM Operations (18 events):
Event: 1.372 Executing VM operation: Cleanup
Event: 1.372 Executing VM operation: Cleanup done
Event: 1.916 Executing VM operation: HandshakeAllThreads
Event: 1.917 Executing VM operation: HandshakeAllThreads done
Event: 2.919 Executing VM operation: Cleanup
Event: 2.935 Executing VM operation: Cleanup done
Event: 3.937 Executing VM operation: Cleanup
Event: 3.937 Executing VM operation: Cleanup done
Event: 5.487 Executing VM operation: HandshakeAllThreads
Event: 5.690 Executing VM operation: HandshakeAllThreads done
Event: 5.690 Executing VM operation: Cleanup
Event: 5.692 Executing VM operation: Cleanup done
Event: 6.698 Executing VM operation: Cleanup
Event: 6.715 Executing VM operation: Cleanup done
Event: 6.920 Executing VM operation: HandshakeAllThreads
Event: 6.920 Executing VM operation: HandshakeAllThreads done
Event: 7.935 Executing VM operation: Cleanup
Event: 7.936 Executing VM operation: Cleanup done

Events (20 events):
Event: 8.174 loading class java/lang/reflect/Proxy$1
Event: 8.174 loading class java/lang/reflect/Proxy$1 done
Event: 8.174 loading class jdk/internal/loader/AbstractClassLoaderValue$Sub
Event: 8.174 loading class jdk/internal/loader/AbstractClassLoaderValue$Sub done
Event: 8.176 loading class java/lang/reflect/Proxy$ProxyBuilder
Event: 8.177 loading class java/lang/reflect/Proxy$ProxyBuilder done
Event: 8.177 loading class java/util/Collections$SingletonList
Event: 8.177 loading class java/util/Collections$SingletonList done
Event: 8.177 loading class java/lang/PublicMethods
Event: 8.178 loading class java/lang/PublicMethods done
Event: 8.178 loading class java/util/LinkedHashMap$LinkedValues
Event: 8.178 loading class java/util/LinkedHashMap$LinkedValues done
Event: 8.178 loading class java/util/LinkedHashMap$LinkedValueIterator
Event: 8.178 loading class java/util/LinkedHashMap$LinkedValueIterator done
Event: 8.182 loading class java/lang/WeakPairMap$Pair$Weak
Event: 8.183 loading class java/lang/WeakPairMap$WeakRefPeer
Event: 8.183 loading class java/lang/WeakPairMap$WeakRefPeer done
Event: 8.183 loading class java/lang/WeakPairMap$Pair$Weak done
Event: 8.183 loading class java/lang/WeakPairMap$Pair$Weak$1
Event: 8.183 loading class java/lang/WeakPairMap$Pair$Weak$1 done


Dynamic libraries:
0x00007ff73ff00000 - 0x00007ff73ff0e000 	C:\Users\Prats\AppData\Local\Programs\Eclipse Adoptium\jdk-17.0.7.7-hotspot\bin\java.exe
0x00007ff815e70000 - 0x00007ff816084000 	C:\WINDOWS\SYSTEM32\ntdll.dll
0x00007ff814390000 - 0x00007ff814452000 	C:\WINDOWS\System32\KERNEL32.DLL
0x00007ff813290000 - 0x00007ff813633000 	C:\WINDOWS\System32\KERNELBASE.dll
0x00007ff813b50000 - 0x00007ff813c61000 	C:\WINDOWS\System32\ucrtbase.dll
0x00007ff80ee20000 - 0x00007ff80ee37000 	C:\Users\Prats\AppData\Local\Programs\Eclipse Adoptium\jdk-17.0.7.7-hotspot\bin\jli.dll
0x00007ff80e170000 - 0x00007ff80e189000 	C:\Users\Prats\AppData\Local\Programs\Eclipse Adoptium\jdk-17.0.7.7-hotspot\bin\VCRUNTIME140.dll
0x00007ff815c80000 - 0x00007ff815e2b000 	C:\WINDOWS\System32\USER32.dll
0x00007ffffd060000 - 0x00007ffffd2ee000 	C:\WINDOWS\WinSxS\amd64_microsoft.windows.common-controls_6595b64144ccf1df_6.0.22621.1635_none_270f70857386168e\COMCTL32.dll
0x00007ff813890000 - 0x00007ff8138b6000 	C:\WINDOWS\System32\win32u.dll
0x00007ff814360000 - 0x00007ff814389000 	C:\WINDOWS\System32\GDI32.dll
0x00007ff813f50000 - 0x00007ff813ff7000 	C:\WINDOWS\System32\msvcrt.dll
0x00007ff813770000 - 0x00007ff813888000 	C:\WINDOWS\System32\gdi32full.dll
0x00007ff813a30000 - 0x00007ff813aca000 	C:\WINDOWS\System32\msvcp_win.dll
0x00007ff814620000 - 0x00007ff814651000 	C:\WINDOWS\System32\IMM32.DLL
0x00007ff80ee80000 - 0x00007ff80ee8c000 	C:\Users\Prats\AppData\Local\Programs\Eclipse Adoptium\jdk-17.0.7.7-hotspot\bin\vcruntime140_1.dll
0x00007ff803020000 - 0x00007ff8030b1000 	C:\Users\Prats\AppData\Local\Programs\Eclipse Adoptium\jdk-17.0.7.7-hotspot\bin\msvcp140.dll
0x00007fffd8d20000 - 0x00007fffd9968000 	C:\Users\Prats\AppData\Local\Programs\Eclipse Adoptium\jdk-17.0.7.7-hotspot\bin\server\jvm.dll
0x00007ff814660000 - 0x00007ff81470e000 	C:\WINDOWS\System32\ADVAPI32.dll
0x00007ff813d90000 - 0x00007ff813e34000 	C:\WINDOWS\System32\sechost.dll
0x00007ff815200000 - 0x00007ff815317000 	C:\WINDOWS\System32\RPCRT4.dll
0x00007fffa7290000 - 0x00007fffa7299000 	C:\WINDOWS\SYSTEM32\WSOCK32.dll
0x00007ff814120000 - 0x00007ff814191000 	C:\WINDOWS\System32\WS2_32.dll
0x00007ff809240000 - 0x00007ff809274000 	C:\WINDOWS\SYSTEM32\WINMM.dll
0x00007ff809280000 - 0x00007ff80928a000 	C:\WINDOWS\SYSTEM32\VERSION.dll
0x00007ff812250000 - 0x00007ff812268000 	C:\WINDOWS\SYSTEM32\kernel.appcore.dll
0x00007ff80e160000 - 0x00007ff80e16a000 	C:\Users\Prats\AppData\Local\Programs\Eclipse Adoptium\jdk-17.0.7.7-hotspot\bin\jimage.dll
0x00007ff810eb0000 - 0x00007ff8110de000 	C:\WINDOWS\SYSTEM32\DBGHELP.DLL
0x00007ff814bb0000 - 0x00007ff814f39000 	C:\WINDOWS\System32\combase.dll
0x00007ff814540000 - 0x00007ff814617000 	C:\WINDOWS\System32\OLEAUT32.dll
0x00007ff800200000 - 0x00007ff800232000 	C:\WINDOWS\SYSTEM32\dbgcore.DLL
0x00007ff813ad0000 - 0x00007ff813b4b000 	C:\WINDOWS\System32\bcryptPrimitives.dll
0x00007ff803ea0000 - 0x00007ff803eae000 	C:\Users\Prats\AppData\Local\Programs\Eclipse Adoptium\jdk-17.0.7.7-hotspot\bin\instrument.dll
0x00007ff802ff0000 - 0x00007ff803015000 	C:\Users\Prats\AppData\Local\Programs\Eclipse Adoptium\jdk-17.0.7.7-hotspot\bin\java.dll
0x00007fffeb300000 - 0x00007fffeb3d6000 	C:\Users\Prats\AppData\Local\Programs\Eclipse Adoptium\jdk-17.0.7.7-hotspot\bin\jsvml.dll
0x00007ff815420000 - 0x00007ff815c1a000 	C:\WINDOWS\System32\SHELL32.dll
0x00007ff811240000 - 0x00007ff811b0e000 	C:\WINDOWS\SYSTEM32\windows.storage.dll
0x00007ff811100000 - 0x00007ff81123e000 	C:\WINDOWS\SYSTEM32\wintypes.dll
0x00007ff815320000 - 0x00007ff815411000 	C:\WINDOWS\System32\SHCORE.dll
0x00007ff8144d0000 - 0x00007ff81452e000 	C:\WINDOWS\System32\shlwapi.dll
0x00007ff8131c0000 - 0x00007ff8131e1000 	C:\WINDOWS\SYSTEM32\profapi.dll
0x00007ff802c50000 - 0x00007ff802c68000 	C:\Users\Prats\AppData\Local\Programs\Eclipse Adoptium\jdk-17.0.7.7-hotspot\bin\zip.dll
0x00007ff808840000 - 0x00007ff808859000 	C:\Users\Prats\AppData\Local\Programs\Eclipse Adoptium\jdk-17.0.7.7-hotspot\bin\net.dll
0x00007ff80c7d0000 - 0x00007ff80c907000 	C:\WINDOWS\SYSTEM32\WINHTTP.dll
0x00007ff812720000 - 0x00007ff812789000 	C:\WINDOWS\system32\mswsock.dll
0x00007ff802c70000 - 0x00007ff802c85000 	C:\Users\Prats\AppData\Local\Programs\Eclipse Adoptium\jdk-17.0.7.7-hotspot\bin\nio.dll
0x00007fffe9110000 - 0x00007fffe912a000 	C:\Program Files\JetBrains\IntelliJ IDEA Community Edition 2023.1\bin\breakgen64.dll

dbghelp: loaded successfully - version: 4.0.5 - missing functions: none
symbol engine: initialized successfully - sym options: 0x614 - pdb path: .;C:\Users\Prats\AppData\Local\Programs\Eclipse Adoptium\jdk-17.0.7.7-hotspot\bin;C:\WINDOWS\SYSTEM32;C:\WINDOWS\WinSxS\amd64_microsoft.windows.common-controls_6595b64144ccf1df_6.0.22621.1635_none_270f70857386168e;C:\Users\Prats\AppData\Local\Programs\Eclipse Adoptium\jdk-17.0.7.7-hotspot\bin\server;C:\Program Files\JetBrains\IntelliJ IDEA Community Edition 2023.1\bin

VM Arguments:
jvm_args: -javaagent:C:\Program Files\JetBrains\IntelliJ IDEA Community Edition 2023.1\lib\idea_rt.jar=50742:C:\Program Files\JetBrains\IntelliJ IDEA Community Edition 2023.1\bin -Dfile.encoding=UTF-8 
java_command: com.example.springboot.SpringbootWebfluxApplication
java_class_path (initial): C:\Users\Prats\Downloads\springboot-webflux\springboot-webflux\target\classes;C:\Users\Prats\.m2\repository\org\springframework\boot\spring-boot-starter-data-mongodb-reactive\3.1.0\spring-boot-starter-data-mongodb-reactive-3.1.0.jar;C:\Users\Prats\.m2\repository\org\springframework\boot\spring-boot-starter\3.1.0\spring-boot-starter-3.1.0.jar;C:\Users\Prats\.m2\repository\org\springframework\boot\spring-boot\3.1.0\spring-boot-3.1.0.jar;C:\Users\Prats\.m2\repository\org\springframework\boot\spring-boot-autoconfigure\3.1.0\spring-boot-autoconfigure-3.1.0.jar;C:\Users\Prats\.m2\repository\org\springframework\boot\spring-boot-starter-logging\3.1.0\spring-boot-starter-logging-3.1.0.jar;C:\Users\Prats\.m2\repository\ch\qos\logback\logback-classic\1.4.7\logback-classic-1.4.7.jar;C:\Users\Prats\.m2\repository\ch\qos\logback\logback-core\1.4.7\logback-core-1.4.7.jar;C:\Users\Prats\.m2\repository\org\apache\logging\log4j\log4j-to-slf4j\2.20.0\log4j-to-slf4j-2.20.0.jar;C:\Users\Prats\.m2\repository\org\apache\logging\log4j\log4j-api\2.20.0\log4j-api-2.20.0.jar;C:\Users\Prats\.m2\repository\org\slf4j\jul-to-slf4j\2.0.7\jul-to-slf4j-2.0.7.jar;C:\Users\Prats\.m2\repository\jakarta\annotation\jakarta.annotation-api\2.1.1\jakarta.annotation-api-2.1.1.jar;C:\Users\Prats\.m2\repository\org\yaml\snakeyaml\1.33\snakeyaml-1.33.jar;C:\Users\Prats\.m2\repository\io\projectreactor\reactor-core\3.5.6\reactor-core-3.5.6.jar;C:\Users\Prats\.m2\repository\org\reactivestreams\reactive-streams\1.0.4\reactive-streams-1.0.4.jar;C:\Users\Prats\.m2\repository\org\mongodb\mongodb-driver-reactivestreams\4.9.1\mongodb-driver-reactivestreams-4.9.1.jar;C:\Users\Prats\.m2\repository\org\mongodb\bson\4.9.1\bson-4.9.1.jar;C:\Users\Prats\.m2\repository\org\mongodb\mongodb-driver-core\4.9.1\mongodb-driver-core-4.9.1.jar;C:\Users\Prats\.m2\repository\org\mongodb\bson-record-codec\4.9.1\bson-record-codec-4.9.1.jar;C:\Users\Prats\.m2\repository\org\springframework\data\spring-data-mon
Launcher Type: SUN_STANDARD

[Global flags]
     intx CICompilerCount                          = 4                                         {product} {ergonomic}
     uint ConcGCThreads                            = 2                                         {product} {ergonomic}
     uint G1ConcRefinementThreads                  = 8                                         {product} {ergonomic}
   size_t G1HeapRegionSize                         = 1048576                                   {product} {ergonomic}
    uintx GCDrainStackTargetSize                   = 64                                        {product} {ergonomic}
   size_t InitialHeapSize                          = 100663296                                 {product} {ergonomic}
   size_t MarkStackSize                            = 4194304                                   {product} {ergonomic}
   size_t MaxHeapSize                              = 1595932672                                {product} {ergonomic}
   size_t MaxNewSize                               = 957349888                                 {product} {ergonomic}
   size_t MinHeapDeltaBytes                        = 1048576                                   {product} {ergonomic}
   size_t MinHeapSize                              = 8388608                                   {product} {ergonomic}
    uintx NonNMethodCodeHeapSize                   = 5839372                                {pd product} {ergonomic}
    uintx NonProfiledCodeHeapSize                  = 122909434                              {pd product} {ergonomic}
    uintx ProfiledCodeHeapSize                     = 122909434                              {pd product} {ergonomic}
    uintx ReservedCodeCacheSize                    = 251658240                              {pd product} {ergonomic}
     bool SegmentedCodeCache                       = true                                      {product} {ergonomic}
   size_t SoftMaxHeapSize                          = 1595932672                             {manageable} {ergonomic}
     bool UseCompressedClassPointers               = true                           {product lp64_product} {ergonomic}
     bool UseCompressedOops                        = true                           {product lp64_product} {ergonomic}
     bool UseG1GC                                  = true                                      {product} {ergonomic}
     bool UseLargePagesIndividualAllocation        = false                                  {pd product} {ergonomic}

Logging:
Log output configuration:
 #0: stdout all=warning uptime,level,tags
 #1: stderr all=off uptime,level,tags

Environment Variables:
JAVA_HOME=C:\Users\Prats\AppData\Local\Programs\Eclipse Adoptium\jdk-17.0.7.7-hotspot\
PATH=C:\WINDOWS\system32;C:\WINDOWS;C:\WINDOWS\System32\Wbem;C:\WINDOWS\System32\WindowsPowerShell\v1.0\;C:\WINDOWS\System32\OpenSSH\;C:\ProgramData\chocolatey\bin;C:\anaconda;C:\anaconda\Library\mingw-w64\bin;C:\anaconda\Library\usr\bin;C:\anaconda\Library\bin;C:\anaconda\Scripts;C:\Users\Pratik Srivastava\AppData\Local\Microsoft\WindowsApps;C:\Users\Pratik Srivastava\AppData\Local\Programs\Microsoft VS Code\bin;C:\Users\Pratik Srivastava\AppData\Roaming\npm;C:\adb;C:\WINDOWS\system32;C:\WINDOWS;C:\WINDOWS\System32\Wbem;C:\WINDOWS\System32\WindowsPowerShell\v1.0\;C:\WINDOWS\System32\OpenSSH\;C:\Users\Pratik Srivastava\AppData\Local\Programs\Python\Python311\Scripts;C:\Users\Pratik Srivastava\AppData\Local\Programs\Python\Python311\;C:\Program Files\nodejs\;C:\Program Files\Git\cmd;C:\Program Files\MySQL\MySQL Server 8.0\bin;;C:\Program Files\Docker\Docker\resources\bin;C:\Program Files\MySQL\MySQL Shell 8.0\bin\;C:\Users\Prats\AppData\Local\Programs\Eclipse Adoptium\jdk-17.0.7.7-hotspot\bin;C:\Users\Prats\AppData\Local\Microsoft\WindowsApps;C:\Users\Prats\AppData\Local\Programs\Microsoft VS Code\bin;C:\Program Files\JetBrains\IntelliJ IDEA Community Edition 2023.1\bin;;C:\Users\Prats\AppData\Roaming\npm;C:\Program Files\MySQL\MySQL Server 8.0\bin;
USERNAME=Prats
OS=Windows_NT
PROCESSOR_IDENTIFIER=AMD64 Family 23 Model 24 Stepping 1, AuthenticAMD
TMP=C:\Users\Prats\AppData\Local\Temp
TEMP=C:\Users\Prats\AppData\Local\Temp



---------------  S Y S T E M  ---------------

OS:
 Windows 11 , 64 bit Build 22621 (10.0.22621.1635)
OS uptime: 0 days 0:06 hours
Hyper-V role detected

CPU: total 8 (initial active 8) (8 cores per cpu, 2 threads per core) family 23 model 24 stepping 1 microcode 0x0, cx8, cmov, fxsr, ht, mmx, 3dnowpref, sse, sse2, sse3, ssse3, sse4a, sse4.1, sse4.2, popcnt, lzcnt, tsc, tscinvbit, avx, avx2, aes, clmul, bmi1, bmi2, adx, sha, fma, vzeroupper, clflush, clflushopt, hv

Memory: 4k page, system-wide physical 6082M (291M free)
TotalPageFile size 10178M (AvailPageFile size 44M)
current process WorkingSet (physical memory assigned to process): 59M, peak: 59M
current process commit charge ("private bytes"): 189M, peak: 189M

vm_info: OpenJDK 64-Bit Server VM (17.0.7+7) for windows-amd64 JRE (17.0.7+7), built on Apr 18 2023 22:10:42 by "temurin" with MS VC++ 16.7 (VS2019)

END.
