#
# There is insufficient memory for the Java Runtime Environment to continue.
# Native memory allocation (malloc) failed to allocate 1081696 bytes for Chunk::new
# Possible reasons:
#   The system is out of physical RAM or swap space
#   The process is running with CompressedOops enabled, and the Java Heap may be blocking the growth of the native heap
# Possible solutions:
#   Reduce memory load on the system
#   Increase physical memory or swap space
#   Check if swap backing store is full
#   Decrease Java heap size (-Xmx/-Xms)
#   Decrease number of Java threads
#   Decrease Java thread stack sizes (-Xss)
#   Set larger code cache with -XX:ReservedCodeCacheSize=
#   JVM is running with Unscaled Compressed Oops mode in which the Java heap is
#     placed in the first 4GB address space. The Java Heap base address is the
#     maximum limit for the native heap growth. Please use -XX:HeapBaseMinAddress
#     to set the Java Heap base and to place the Java Heap above 4GB virtual address.
# This output file may be truncated or incomplete.
#
#  Out of Memory Error (arena.cpp:189), pid=3036, tid=16268
#
# JRE version: OpenJDK Runtime Environment Temurin-17.0.7+7 (17.0.7+7) (build 17.0.7+7)
# Java VM: OpenJDK 64-Bit Server VM Temurin-17.0.7+7 (17.0.7+7, mixed mode, sharing, tiered, compressed oops, compressed class ptrs, g1 gc, windows-amd64)
# No core dump will be written. Minidumps are not enabled by default on client versions of Windows
#

---------------  S U M M A R Y ------------

Command Line: -javaagent:C:\Program Files\JetBrains\IntelliJ IDEA Community Edition 2023.1\lib\idea_rt.jar=50928:C:\Program Files\JetBrains\IntelliJ IDEA Community Edition 2023.1\bin -Dfile.encoding=UTF-8 com.example.springboot.SpringbootWebfluxApplication

Host: AMD Ryzen 5 3500U with Radeon Vega Mobile Gfx  , 8 cores, 5G,  Windows 11 , 64 bit Build 22621 (10.0.22621.1635)
Time: Sun May 28 18:43:57 2023 India Standard Time elapsed time: 8.267431 seconds (0d 0h 0m 8s)

---------------  T H R E A D  ---------------

Current thread (0x0000020cebb776b0):  JavaThread "C2 CompilerThread0" daemon [_thread_in_native, id=16268, stack(0x0000008bd6900000,0x0000008bd6a00000)]


Current CompileTask:
C2:   8267 2593   !   4       jdk.internal.loader.BuiltinClassLoader::loadClassOrNull (143 bytes)

Stack: [0x0000008bd6900000,0x0000008bd6a00000]
Native frames: (J=compiled Java code, j=interpreted, Vv=VM code, C=native code)
V  [jvm.dll+0x67754a]
V  [jvm.dll+0x834304]
V  [jvm.dll+0x835aae]
V  [jvm.dll+0x836113]
V  [jvm.dll+0x24696f]
V  [jvm.dll+0xac0ac]
V  [jvm.dll+0xac67c]
V  [jvm.dll+0x2adbef]
V  [jvm.dll+0x580067]
V  [jvm.dll+0x221e72]
V  [jvm.dll+0x22224f]
V  [jvm.dll+0x21b4a5]
V  [jvm.dll+0x21895b]
V  [jvm.dll+0x1a4d8d]
V  [jvm.dll+0x2284da]
V  [jvm.dll+0x226615]
V  [jvm.dll+0x7ea90b]
V  [jvm.dll+0x7e4e7a]
V  [jvm.dll+0x676395]
C  [ucrtbase.dll+0x29363]
C  [KERNEL32.DLL+0x126ad]
C  [ntdll.dll+0x5a9f8]


---------------  P R O C E S S  ---------------

Threads class SMR info:
_java_thread_list=0x0000020cf11590c0, length=13, elements={
0x0000020ccead4b10, 0x0000020cebb5d580, 0x0000020cebb5e130, 0x0000020cebb71320,
0x0000020cebb71ed0, 0x0000020cebb74890, 0x0000020cebb759e0, 0x0000020cebb776b0,
0x0000020cebb82380, 0x0000020cebb84430, 0x0000020cf006f180, 0x0000020cf030fe70,
0x0000020cf03fd070
}

Java Threads: ( => current thread )
  0x0000020ccead4b10 JavaThread "main" [_thread_in_native, id=4308, stack(0x0000008bd5c00000,0x0000008bd5d00000)]
  0x0000020cebb5d580 JavaThread "Reference Handler" daemon [_thread_blocked, id=3996, stack(0x0000008bd6300000,0x0000008bd6400000)]
  0x0000020cebb5e130 JavaThread "Finalizer" daemon [_thread_blocked, id=8332, stack(0x0000008bd6400000,0x0000008bd6500000)]
  0x0000020cebb71320 JavaThread "Signal Dispatcher" daemon [_thread_blocked, id=2260, stack(0x0000008bd6500000,0x0000008bd6600000)]
  0x0000020cebb71ed0 JavaThread "Attach Listener" daemon [_thread_blocked, id=11852, stack(0x0000008bd6600000,0x0000008bd6700000)]
  0x0000020cebb74890 JavaThread "Service Thread" daemon [_thread_blocked, id=12668, stack(0x0000008bd6700000,0x0000008bd6800000)]
  0x0000020cebb759e0 JavaThread "Monitor Deflation Thread" daemon [_thread_blocked, id=1984, stack(0x0000008bd6800000,0x0000008bd6900000)]
=>0x0000020cebb776b0 JavaThread "C2 CompilerThread0" daemon [_thread_in_native, id=16268, stack(0x0000008bd6900000,0x0000008bd6a00000)]
  0x0000020cebb82380 JavaThread "C1 CompilerThread0" daemon [_thread_blocked, id=3208, stack(0x0000008bd6a00000,0x0000008bd6b00000)]
  0x0000020cebb84430 JavaThread "Sweeper thread" daemon [_thread_blocked, id=8704, stack(0x0000008bd6b00000,0x0000008bd6c00000)]
  0x0000020cf006f180 JavaThread "Common-Cleaner" daemon [_thread_blocked, id=10620, stack(0x0000008bd6c00000,0x0000008bd6d00000)]
  0x0000020cf030fe70 JavaThread "Monitor Ctrl-Break" daemon [_thread_in_native, id=12248, stack(0x0000008bd6d00000,0x0000008bd6e00000)]
  0x0000020cf03fd070 JavaThread "Notification Thread" daemon [_thread_blocked, id=4184, stack(0x0000008bd6e00000,0x0000008bd6f00000)]

Other Threads:
  0x0000020cebb56f30 VMThread "VM Thread" [stack: 0x0000008bd6200000,0x0000008bd6300000] [id=15440]
  0x0000020cceab9a20 WatcherThread [stack: 0x0000008bd6f00000,0x0000008bd7000000] [id=6804]
  0x0000020cceb22ba0 GCTaskThread "GC Thread#0" [stack: 0x0000008bd5d00000,0x0000008bd5e00000] [id=4632]
  0x0000020cf09cb420 GCTaskThread "GC Thread#1" [stack: 0x0000008bd7000000,0x0000008bd7100000] [id=7544]
  0x0000020cf0a2e870 GCTaskThread "GC Thread#2" [stack: 0x0000008bd7100000,0x0000008bd7200000] [id=16272]
  0x0000020cf0a5eff0 GCTaskThread "GC Thread#3" [stack: 0x0000008bd7200000,0x0000008bd7300000] [id=14448]
  0x0000020cf0a5f2a0 GCTaskThread "GC Thread#4" [stack: 0x0000008bd7300000,0x0000008bd7400000] [id=9832]
  0x0000020cf0a7c030 GCTaskThread "GC Thread#5" [stack: 0x0000008bd7400000,0x0000008bd7500000] [id=9248]
  0x0000020cf0a7c2e0 GCTaskThread "GC Thread#6" [stack: 0x0000008bd7500000,0x0000008bd7600000] [id=1704]
  0x0000020cf0a7c590 GCTaskThread "GC Thread#7" [stack: 0x0000008bd7600000,0x0000008bd7700000] [id=7540]
  0x0000020cceb2f920 ConcurrentGCThread "G1 Main Marker" [stack: 0x0000008bd5e00000,0x0000008bd5f00000] [id=7304]
  0x0000020cceb305f0 ConcurrentGCThread "G1 Conc#0" [stack: 0x0000008bd5f00000,0x0000008bd6000000] [id=14468]
  0x0000020cceb83060 ConcurrentGCThread "G1 Refine#0" [stack: 0x0000008bd6000000,0x0000008bd6100000] [id=1540]
  0x0000020cceb83920 ConcurrentGCThread "G1 Service" [stack: 0x0000008bd6100000,0x0000008bd6200000] [id=10092]

Threads with active compile tasks:
C2 CompilerThread0     8326 2593   !   4       jdk.internal.loader.BuiltinClassLoader::loadClassOrNull (143 bytes)

VM state: not at safepoint (normal execution)

VM Mutex/Monitor currently owned by a thread: None

Heap address: 0x00000000a0e00000, size: 1522 MB, Compressed Oops mode: 32-bit

CDS archive(s) mapped at: [0x0000000800000000-0x0000000800bc0000-0x0000000800bc0000), size 12320768, SharedBaseAddress: 0x0000000800000000, ArchiveRelocationMode: 0.
Compressed class space mapped at: 0x0000000801000000-0x0000000841000000, reserved size: 1073741824
Narrow klass base: 0x0000000800000000, Narrow klass shift: 0, Narrow klass range: 0x100000000

GC Precious Log:
 CPUs: 8 total, 8 available
 Memory: 6082M
 Large Page Support: Disabled
 NUMA Support: Disabled
 Compressed Oops: Enabled (32-bit)
 Heap Region Size: 1M
 Heap Min Capacity: 8M
 Heap Initial Capacity: 96M
 Heap Max Capacity: 1522M
 Pre-touch: Disabled
 Parallel Workers: 8
 Concurrent Workers: 2
 Concurrent Refinement Workers: 8
 Periodic GC: Disabled

Heap:
 garbage-first heap   total 98304K, used 39779K [0x00000000a0e00000, 0x0000000100000000)
  region size 1024K, 36 young (36864K), 3 survivors (3072K)
 Metaspace       used 18845K, committed 19264K, reserved 1114112K
  class space    used 2293K, committed 2496K, reserved 1048576K

Heap Regions: E=young(eden), S=young(survivor), O=old, HS=humongous(starts), HC=humongous(continues), CS=collection set, F=free, OA=open archive, CA=closed archive, TAMS=top-at-mark-start (previous, next)
|   0|0x00000000a0e00000, 0x00000000a0f00000, 0x00000000a0f00000|100%| O|  |TAMS 0x00000000a0e00000, 0x00000000a0e00000| Untracked 
|   1|0x00000000a0f00000, 0x00000000a1000000, 0x00000000a1000000|100%| O|  |TAMS 0x00000000a0f00000, 0x00000000a0f00000| Untracked 
|   2|0x00000000a1000000, 0x00000000a1100000, 0x00000000a1100000|100%| O|  |TAMS 0x00000000a1000000, 0x00000000a1000000| Untracked 
|   3|0x00000000a1100000, 0x00000000a1200000, 0x00000000a1200000|100%| O|  |TAMS 0x00000000a1100000, 0x00000000a1100000| Untracked 
|   4|0x00000000a1200000, 0x00000000a1300000, 0x00000000a1300000|100%| O|  |TAMS 0x00000000a1200000, 0x00000000a1200000| Untracked 
|   5|0x00000000a1300000, 0x00000000a1372a00, 0x00000000a1400000| 44%| O|  |TAMS 0x00000000a1300000, 0x00000000a1300000| Untracked 
|   6|0x00000000a1400000, 0x00000000a1400000, 0x00000000a1500000|  0%| F|  |TAMS 0x00000000a1400000, 0x00000000a1400000| Untracked 
|   7|0x00000000a1500000, 0x00000000a1500000, 0x00000000a1600000|  0%| F|  |TAMS 0x00000000a1500000, 0x00000000a1500000| Untracked 
|   8|0x00000000a1600000, 0x00000000a1600000, 0x00000000a1700000|  0%| F|  |TAMS 0x00000000a1600000, 0x00000000a1600000| Untracked 
|   9|0x00000000a1700000, 0x00000000a1700000, 0x00000000a1800000|  0%| F|  |TAMS 0x00000000a1700000, 0x00000000a1700000| Untracked 
|  10|0x00000000a1800000, 0x00000000a1800000, 0x00000000a1900000|  0%| F|  |TAMS 0x00000000a1800000, 0x00000000a1800000| Untracked 
|  11|0x00000000a1900000, 0x00000000a1900000, 0x00000000a1a00000|  0%| F|  |TAMS 0x00000000a1900000, 0x00000000a1900000| Untracked 
|  12|0x00000000a1a00000, 0x00000000a1a00000, 0x00000000a1b00000|  0%| F|  |TAMS 0x00000000a1a00000, 0x00000000a1a00000| Untracked 
|  13|0x00000000a1b00000, 0x00000000a1b00000, 0x00000000a1c00000|  0%| F|  |TAMS 0x00000000a1b00000, 0x00000000a1b00000| Untracked 
|  14|0x00000000a1c00000, 0x00000000a1c00000, 0x00000000a1d00000|  0%| F|  |TAMS 0x00000000a1c00000, 0x00000000a1c00000| Untracked 
|  15|0x00000000a1d00000, 0x00000000a1d00000, 0x00000000a1e00000|  0%| F|  |TAMS 0x00000000a1d00000, 0x00000000a1d00000| Untracked 
|  16|0x00000000a1e00000, 0x00000000a1e00000, 0x00000000a1f00000|  0%| F|  |TAMS 0x00000000a1e00000, 0x00000000a1e00000| Untracked 
|  17|0x00000000a1f00000, 0x00000000a1f00000, 0x00000000a2000000|  0%| F|  |TAMS 0x00000000a1f00000, 0x00000000a1f00000| Untracked 
|  18|0x00000000a2000000, 0x00000000a2000000, 0x00000000a2100000|  0%| F|  |TAMS 0x00000000a2000000, 0x00000000a2000000| Untracked 
|  19|0x00000000a2100000, 0x00000000a2100000, 0x00000000a2200000|  0%| F|  |TAMS 0x00000000a2100000, 0x00000000a2100000| Untracked 
|  20|0x00000000a2200000, 0x00000000a2200000, 0x00000000a2300000|  0%| F|  |TAMS 0x00000000a2200000, 0x00000000a2200000| Untracked 
|  21|0x00000000a2300000, 0x00000000a2300000, 0x00000000a2400000|  0%| F|  |TAMS 0x00000000a2300000, 0x00000000a2300000| Untracked 
|  22|0x00000000a2400000, 0x00000000a2400000, 0x00000000a2500000|  0%| F|  |TAMS 0x00000000a2400000, 0x00000000a2400000| Untracked 
|  23|0x00000000a2500000, 0x00000000a2500000, 0x00000000a2600000|  0%| F|  |TAMS 0x00000000a2500000, 0x00000000a2500000| Untracked 
|  24|0x00000000a2600000, 0x00000000a2600000, 0x00000000a2700000|  0%| F|  |TAMS 0x00000000a2600000, 0x00000000a2600000| Untracked 
|  25|0x00000000a2700000, 0x00000000a2700000, 0x00000000a2800000|  0%| F|  |TAMS 0x00000000a2700000, 0x00000000a2700000| Untracked 
|  26|0x00000000a2800000, 0x00000000a2800000, 0x00000000a2900000|  0%| F|  |TAMS 0x00000000a2800000, 0x00000000a2800000| Untracked 
|  27|0x00000000a2900000, 0x00000000a2900000, 0x00000000a2a00000|  0%| F|  |TAMS 0x00000000a2900000, 0x00000000a2900000| Untracked 
|  28|0x00000000a2a00000, 0x00000000a2a00000, 0x00000000a2b00000|  0%| F|  |TAMS 0x00000000a2a00000, 0x00000000a2a00000| Untracked 
|  29|0x00000000a2b00000, 0x00000000a2b00000, 0x00000000a2c00000|  0%| F|  |TAMS 0x00000000a2b00000, 0x00000000a2b00000| Untracked 
|  30|0x00000000a2c00000, 0x00000000a2c00000, 0x00000000a2d00000|  0%| F|  |TAMS 0x00000000a2c00000, 0x00000000a2c00000| Untracked 
|  31|0x00000000a2d00000, 0x00000000a2d00000, 0x00000000a2e00000|  0%| F|  |TAMS 0x00000000a2d00000, 0x00000000a2d00000| Untracked 
|  32|0x00000000a2e00000, 0x00000000a2e00000, 0x00000000a2f00000|  0%| F|  |TAMS 0x00000000a2e00000, 0x00000000a2e00000| Untracked 
|  33|0x00000000a2f00000, 0x00000000a2f00000, 0x00000000a3000000|  0%| F|  |TAMS 0x00000000a2f00000, 0x00000000a2f00000| Untracked 
|  34|0x00000000a3000000, 0x00000000a3000000, 0x00000000a3100000|  0%| F|  |TAMS 0x00000000a3000000, 0x00000000a3000000| Untracked 
|  35|0x00000000a3100000, 0x00000000a3100000, 0x00000000a3200000|  0%| F|  |TAMS 0x00000000a3100000, 0x00000000a3100000| Untracked 
|  36|0x00000000a3200000, 0x00000000a3200000, 0x00000000a3300000|  0%| F|  |TAMS 0x00000000a3200000, 0x00000000a3200000| Untracked 
|  37|0x00000000a3300000, 0x00000000a3300000, 0x00000000a3400000|  0%| F|  |TAMS 0x00000000a3300000, 0x00000000a3300000| Untracked 
|  38|0x00000000a3400000, 0x00000000a3400000, 0x00000000a3500000|  0%| F|  |TAMS 0x00000000a3400000, 0x00000000a3400000| Untracked 
|  39|0x00000000a3500000, 0x00000000a3500000, 0x00000000a3600000|  0%| F|  |TAMS 0x00000000a3500000, 0x00000000a3500000| Untracked 
|  40|0x00000000a3600000, 0x00000000a3600000, 0x00000000a3700000|  0%| F|  |TAMS 0x00000000a3600000, 0x00000000a3600000| Untracked 
|  41|0x00000000a3700000, 0x00000000a3700000, 0x00000000a3800000|  0%| F|  |TAMS 0x00000000a3700000, 0x00000000a3700000| Untracked 
|  42|0x00000000a3800000, 0x00000000a3800000, 0x00000000a3900000|  0%| F|  |TAMS 0x00000000a3800000, 0x00000000a3800000| Untracked 
|  43|0x00000000a3900000, 0x00000000a3900000, 0x00000000a3a00000|  0%| F|  |TAMS 0x00000000a3900000, 0x00000000a3900000| Untracked 
|  44|0x00000000a3a00000, 0x00000000a3a00000, 0x00000000a3b00000|  0%| F|  |TAMS 0x00000000a3a00000, 0x00000000a3a00000| Untracked 
|  45|0x00000000a3b00000, 0x00000000a3b00000, 0x00000000a3c00000|  0%| F|  |TAMS 0x00000000a3b00000, 0x00000000a3b00000| Untracked 
|  46|0x00000000a3c00000, 0x00000000a3c00000, 0x00000000a3d00000|  0%| F|  |TAMS 0x00000000a3c00000, 0x00000000a3c00000| Untracked 
|  47|0x00000000a3d00000, 0x00000000a3d00000, 0x00000000a3e00000|  0%| F|  |TAMS 0x00000000a3d00000, 0x00000000a3d00000| Untracked 
|  48|0x00000000a3e00000, 0x00000000a3e00000, 0x00000000a3f00000|  0%| F|  |TAMS 0x00000000a3e00000, 0x00000000a3e00000| Untracked 
|  49|0x00000000a3f00000, 0x00000000a3f00000, 0x00000000a4000000|  0%| F|  |TAMS 0x00000000a3f00000, 0x00000000a3f00000| Untracked 
|  50|0x00000000a4000000, 0x00000000a4000000, 0x00000000a4100000|  0%| F|  |TAMS 0x00000000a4000000, 0x00000000a4000000| Untracked 
|  51|0x00000000a4100000, 0x00000000a4100000, 0x00000000a4200000|  0%| F|  |TAMS 0x00000000a4100000, 0x00000000a4100000| Untracked 
|  52|0x00000000a4200000, 0x00000000a4200000, 0x00000000a4300000|  0%| F|  |TAMS 0x00000000a4200000, 0x00000000a4200000| Untracked 
|  53|0x00000000a4300000, 0x00000000a4300000, 0x00000000a4400000|  0%| F|  |TAMS 0x00000000a4300000, 0x00000000a4300000| Untracked 
|  54|0x00000000a4400000, 0x00000000a4400000, 0x00000000a4500000|  0%| F|  |TAMS 0x00000000a4400000, 0x00000000a4400000| Untracked 
|  55|0x00000000a4500000, 0x00000000a4500000, 0x00000000a4600000|  0%| F|  |TAMS 0x00000000a4500000, 0x00000000a4500000| Untracked 
|  56|0x00000000a4600000, 0x00000000a4600000, 0x00000000a4700000|  0%| F|  |TAMS 0x00000000a4600000, 0x00000000a4600000| Untracked 
|  57|0x00000000a4700000, 0x00000000a4700000, 0x00000000a4800000|  0%| F|  |TAMS 0x00000000a4700000, 0x00000000a4700000| Untracked 
|  58|0x00000000a4800000, 0x00000000a4800000, 0x00000000a4900000|  0%| F|  |TAMS 0x00000000a4800000, 0x00000000a4800000| Untracked 
|  59|0x00000000a4900000, 0x00000000a4900000, 0x00000000a4a00000|  0%| F|  |TAMS 0x00000000a4900000, 0x00000000a4900000| Untracked 
|  60|0x00000000a4a00000, 0x00000000a4b00000, 0x00000000a4b00000|100%| E|  |TAMS 0x00000000a4a00000, 0x00000000a4a00000| Complete 
|  61|0x00000000a4b00000, 0x00000000a4c00000, 0x00000000a4c00000|100%| E|CS|TAMS 0x00000000a4b00000, 0x00000000a4b00000| Complete 
|  62|0x00000000a4c00000, 0x00000000a4d00000, 0x00000000a4d00000|100%| E|CS|TAMS 0x00000000a4c00000, 0x00000000a4c00000| Complete 
|  63|0x00000000a4d00000, 0x00000000a4e00000, 0x00000000a4e00000|100%| E|CS|TAMS 0x00000000a4d00000, 0x00000000a4d00000| Complete 
|  64|0x00000000a4e00000, 0x00000000a4e662b0, 0x00000000a4f00000| 39%| S|CS|TAMS 0x00000000a4e00000, 0x00000000a4e00000| Complete 
|  65|0x00000000a4f00000, 0x00000000a5000000, 0x00000000a5000000|100%| S|CS|TAMS 0x00000000a4f00000, 0x00000000a4f00000| Complete 
|  66|0x00000000a5000000, 0x00000000a5100000, 0x00000000a5100000|100%| S|CS|TAMS 0x00000000a5000000, 0x00000000a5000000| Complete 
|  67|0x00000000a5100000, 0x00000000a5200000, 0x00000000a5200000|100%| E|CS|TAMS 0x00000000a5100000, 0x00000000a5100000| Complete 
|  68|0x00000000a5200000, 0x00000000a5300000, 0x00000000a5300000|100%| E|CS|TAMS 0x00000000a5200000, 0x00000000a5200000| Complete 
|  69|0x00000000a5300000, 0x00000000a5400000, 0x00000000a5400000|100%| E|CS|TAMS 0x00000000a5300000, 0x00000000a5300000| Complete 
|  70|0x00000000a5400000, 0x00000000a5500000, 0x00000000a5500000|100%| E|CS|TAMS 0x00000000a5400000, 0x00000000a5400000| Complete 
|  71|0x00000000a5500000, 0x00000000a5600000, 0x00000000a5600000|100%| E|CS|TAMS 0x00000000a5500000, 0x00000000a5500000| Complete 
|  72|0x00000000a5600000, 0x00000000a5700000, 0x00000000a5700000|100%| E|CS|TAMS 0x00000000a5600000, 0x00000000a5600000| Complete 
|  73|0x00000000a5700000, 0x00000000a5800000, 0x00000000a5800000|100%| E|CS|TAMS 0x00000000a5700000, 0x00000000a5700000| Complete 
|  74|0x00000000a5800000, 0x00000000a5900000, 0x00000000a5900000|100%| E|CS|TAMS 0x00000000a5800000, 0x00000000a5800000| Complete 
|  75|0x00000000a5900000, 0x00000000a5a00000, 0x00000000a5a00000|100%| E|CS|TAMS 0x00000000a5900000, 0x00000000a5900000| Complete 
|  76|0x00000000a5a00000, 0x00000000a5b00000, 0x00000000a5b00000|100%| E|CS|TAMS 0x00000000a5a00000, 0x00000000a5a00000| Complete 
|  77|0x00000000a5b00000, 0x00000000a5c00000, 0x00000000a5c00000|100%| E|CS|TAMS 0x00000000a5b00000, 0x00000000a5b00000| Complete 
|  78|0x00000000a5c00000, 0x00000000a5d00000, 0x00000000a5d00000|100%| E|CS|TAMS 0x00000000a5c00000, 0x00000000a5c00000| Complete 
|  79|0x00000000a5d00000, 0x00000000a5e00000, 0x00000000a5e00000|100%| E|CS|TAMS 0x00000000a5d00000, 0x00000000a5d00000| Complete 
|  80|0x00000000a5e00000, 0x00000000a5f00000, 0x00000000a5f00000|100%| E|CS|TAMS 0x00000000a5e00000, 0x00000000a5e00000| Complete 
|  81|0x00000000a5f00000, 0x00000000a6000000, 0x00000000a6000000|100%| E|CS|TAMS 0x00000000a5f00000, 0x00000000a5f00000| Complete 
|  82|0x00000000a6000000, 0x00000000a6100000, 0x00000000a6100000|100%| E|CS|TAMS 0x00000000a6000000, 0x00000000a6000000| Complete 
|  83|0x00000000a6100000, 0x00000000a6200000, 0x00000000a6200000|100%| E|CS|TAMS 0x00000000a6100000, 0x00000000a6100000| Complete 
|  84|0x00000000a6200000, 0x00000000a6300000, 0x00000000a6300000|100%| E|CS|TAMS 0x00000000a6200000, 0x00000000a6200000| Complete 
|  85|0x00000000a6300000, 0x00000000a6400000, 0x00000000a6400000|100%| E|CS|TAMS 0x00000000a6300000, 0x00000000a6300000| Complete 
|  86|0x00000000a6400000, 0x00000000a6500000, 0x00000000a6500000|100%| E|CS|TAMS 0x00000000a6400000, 0x00000000a6400000| Complete 
|  87|0x00000000a6500000, 0x00000000a6600000, 0x00000000a6600000|100%| E|CS|TAMS 0x00000000a6500000, 0x00000000a6500000| Complete 
|  88|0x00000000a6600000, 0x00000000a6700000, 0x00000000a6700000|100%| E|CS|TAMS 0x00000000a6600000, 0x00000000a6600000| Complete 
|  89|0x00000000a6700000, 0x00000000a6800000, 0x00000000a6800000|100%| E|CS|TAMS 0x00000000a6700000, 0x00000000a6700000| Complete 
|  90|0x00000000a6800000, 0x00000000a6900000, 0x00000000a6900000|100%| E|CS|TAMS 0x00000000a6800000, 0x00000000a6800000| Complete 
|  91|0x00000000a6900000, 0x00000000a6a00000, 0x00000000a6a00000|100%| E|CS|TAMS 0x00000000a6900000, 0x00000000a6900000| Complete 
|  92|0x00000000a6a00000, 0x00000000a6b00000, 0x00000000a6b00000|100%| E|CS|TAMS 0x00000000a6a00000, 0x00000000a6a00000| Complete 
|  93|0x00000000a6b00000, 0x00000000a6c00000, 0x00000000a6c00000|100%| E|CS|TAMS 0x00000000a6b00000, 0x00000000a6b00000| Complete 
|  94|0x00000000a6c00000, 0x00000000a6d00000, 0x00000000a6d00000|100%| E|  |TAMS 0x00000000a6c00000, 0x00000000a6c00000| Complete 
|  95|0x00000000a6d00000, 0x00000000a6e00000, 0x00000000a6e00000|100%| E|CS|TAMS 0x00000000a6d00000, 0x00000000a6d00000| Complete 

Card table byte_map: [0x0000020ce5be0000,0x0000020ce5ee0000] _byte_map_base: 0x0000020ce56d9000

Marking Bits (Prev, Next): (CMBitMap*) 0x0000020cceb231b0, (CMBitMap*) 0x0000020cceb231f0
 Prev Bits: [0x0000020ce61e0000, 0x0000020ce79a8000)
 Next Bits: [0x0000020ce79b0000, 0x0000020ce9178000)

Polling page: 0x0000020ccca50000

Metaspace:

Usage:
  Non-class:     16.18 MB used.
      Class:      2.24 MB used.
       Both:     18.42 MB used.

Virtual space:
  Non-class space:       64.00 MB reserved,      16.38 MB ( 26%) committed,  1 nodes.
      Class space:        1.00 GB reserved,       2.44 MB ( <1%) committed,  1 nodes.
             Both:        1.06 GB reserved,      18.81 MB (  2%) committed. 

Chunk freelists:
   Non-Class:  15.66 MB
       Class:  13.56 MB
        Both:  29.21 MB

MaxMetaspaceSize: unlimited
CompressedClassSpaceSize: 1.00 GB
Initial GC threshold: 21.00 MB
Current GC threshold: 21.00 MB
CDS: on
MetaspaceReclaimPolicy: balanced
 - commit_granule_bytes: 65536.
 - commit_granule_words: 8192.
 - virtual_space_node_default_size: 8388608.
 - enlarge_chunks_in_place: 1.
 - new_chunks_are_fully_committed: 0.
 - uncommit_free_chunks: 1.
 - use_allocation_guard: 0.
 - handle_deallocations: 1.


Internal statistics:

num_allocs_failed_limit: 0.
num_arena_births: 354.
num_arena_deaths: 0.
num_vsnodes_births: 2.
num_vsnodes_deaths: 0.
num_space_committed: 301.
num_space_uncommitted: 0.
num_chunks_returned_to_freelist: 0.
num_chunks_taken_from_freelist: 1036.
num_chunk_merges: 0.
num_chunk_splits: 699.
num_chunks_enlarged: 505.
num_inconsistent_stats: 0.

CodeHeap 'non-profiled nmethods': size=120000Kb used=977Kb max_used=977Kb free=119023Kb
 bounds [0x0000020cde080000, 0x0000020cde2f0000, 0x0000020ce55b0000]
CodeHeap 'profiled nmethods': size=120000Kb used=5139Kb max_used=5139Kb free=114860Kb
 bounds [0x0000020cd65b0000, 0x0000020cd6ac0000, 0x0000020cddae0000]
CodeHeap 'non-nmethods': size=5760Kb used=1196Kb max_used=1225Kb free=4563Kb
 bounds [0x0000020cddae0000, 0x0000020cddd50000, 0x0000020cde080000]
 total_blobs=3141 nmethods=2649 adapters=404
 compilation: enabled
              stopped_count=0, restarted_count=0
 full_count=0

Compilation events (20 events):
Event: 8.097 Thread 0x0000020cebb82380 2643       3       java.util.Arrays::copyOfRange (90 bytes)
Event: 8.099 Thread 0x0000020cebb82380 nmethod 2643 0x0000020cd6aaa390 code [0x0000020cd6aaa640, 0x0000020cd6aab358]
Event: 8.184 Thread 0x0000020cebb82380 2646       3       java.lang.invoke.InvokerBytecodeGenerator::isStaticallyNameable (148 bytes)
Event: 8.185 Thread 0x0000020cebb82380 nmethod 2646 0x0000020cd6aab790 code [0x0000020cd6aabac0, 0x0000020cd6aacd78]
Event: 8.187 Thread 0x0000020cebb82380 2647       3       java.lang.invoke.BoundMethodHandle$Species_L::<init> (12 bytes)
Event: 8.188 Thread 0x0000020cebb82380 nmethod 2647 0x0000020cd6aad290 code [0x0000020cd6aad440, 0x0000020cd6aad668]
Event: 8.193 Thread 0x0000020cebb82380 2648       3       java.util.Arrays::rangeCheck (74 bytes)
Event: 8.194 Thread 0x0000020cebb82380 nmethod 2648 0x0000020cd6aad790 code [0x0000020cd6aada40, 0x0000020cd6aae488]
Event: 8.196 Thread 0x0000020cebb82380 2649       2       java.util.WeakHashMap::getTable (9 bytes)
Event: 8.196 Thread 0x0000020cebb82380 nmethod 2649 0x0000020cd6aae890 code [0x0000020cd6aaea20, 0x0000020cd6aaeb48]
Event: 8.225 Thread 0x0000020cebb82380 2651       3       java.lang.invoke.LambdaForm::<init> (115 bytes)
Event: 8.227 Thread 0x0000020cebb82380 nmethod 2651 0x0000020cd6aaec10 code [0x0000020cd6aaee00, 0x0000020cd6aaf4a8]
Event: 8.227 Thread 0x0000020cebb82380 2652       3       java.lang.invoke.LambdaForm::fixResult (31 bytes)
Event: 8.227 Thread 0x0000020cebb82380 nmethod 2652 0x0000020cd6aaf710 code [0x0000020cd6aaf8c0, 0x0000020cd6aafab8]
Event: 8.234 Thread 0x0000020cebb82380 2654       3       java.lang.invoke.InvokerBytecodeGenerator::generateCustomizedCode (34 bytes)
Event: 8.235 Thread 0x0000020cebb82380 nmethod 2654 0x0000020cd6aafc10 code [0x0000020cd6aafe40, 0x0000020cd6ab0378]
Event: 8.236 Thread 0x0000020cebb82380 2655       3       java.lang.invoke.InvokerBytecodeGenerator::lookupPregenerated (294 bytes)
Event: 8.238 Thread 0x0000020cebb82380 nmethod 2655 0x0000020cd6ab0610 code [0x0000020cd6ab09a0, 0x0000020cd6ab1fa8]
Event: 8.248 Thread 0x0000020cebb82380 2658       3       java.lang.invoke.MethodHandleNatives::refKindIsGetter (32 bytes)
Event: 8.248 Thread 0x0000020cebb82380 nmethod 2658 0x0000020cd6ab2610 code [0x0000020cd6ab27a0, 0x0000020cd6ab28f8]

GC Heap History (4 events):
Event: 2.756 GC heap before
{Heap before GC invocations=0 (full 0):
 garbage-first heap   total 98304K, used 22528K [0x00000000a0e00000, 0x0000000100000000)
  region size 1024K, 23 young (23552K), 0 survivors (0K)
 Metaspace       used 6370K, committed 6528K, reserved 1114112K
  class space    used 756K, committed 832K, reserved 1048576K
}
Event: 2.778 GC heap after
{Heap after GC invocations=1 (full 0):
 garbage-first heap   total 98304K, used 5485K [0x00000000a0e00000, 0x0000000100000000)
  region size 1024K, 3 young (3072K), 3 survivors (3072K)
 Metaspace       used 6370K, committed 6528K, reserved 1114112K
  class space    used 756K, committed 832K, reserved 1048576K
}
Event: 4.931 GC heap before
{Heap before GC invocations=1 (full 0):
 garbage-first heap   total 98304K, used 31085K [0x00000000a0e00000, 0x0000000100000000)
  region size 1024K, 29 young (29696K), 3 survivors (3072K)
 Metaspace       used 13035K, committed 13248K, reserved 1114112K
  class space    used 1560K, committed 1664K, reserved 1048576K
}
Event: 4.946 GC heap after
{Heap after GC invocations=2 (full 0):
 garbage-first heap   total 98304K, used 8035K [0x00000000a0e00000, 0x0000000100000000)
  region size 1024K, 3 young (3072K), 3 survivors (3072K)
 Metaspace       used 13035K, committed 13248K, reserved 1114112K
  class space    used 1560K, committed 1664K, reserved 1048576K
}

Dll operation events (9 events):
Event: 0.023 Loaded shared library C:\Users\Prats\AppData\Local\Programs\Eclipse Adoptium\jdk-17.0.7.7-hotspot\bin\java.dll
Event: 0.044 Loaded shared library C:\Users\Prats\AppData\Local\Programs\Eclipse Adoptium\jdk-17.0.7.7-hotspot\bin\jsvml.dll
Event: 0.292 Loaded shared library C:\Users\Prats\AppData\Local\Programs\Eclipse Adoptium\jdk-17.0.7.7-hotspot\bin\zip.dll
Event: 0.299 Loaded shared library C:\Users\Prats\AppData\Local\Programs\Eclipse Adoptium\jdk-17.0.7.7-hotspot\bin\instrument.dll
Event: 0.320 Loaded shared library C:\Users\Prats\AppData\Local\Programs\Eclipse Adoptium\jdk-17.0.7.7-hotspot\bin\net.dll
Event: 0.325 Loaded shared library C:\Users\Prats\AppData\Local\Programs\Eclipse Adoptium\jdk-17.0.7.7-hotspot\bin\nio.dll
Event: 0.333 Loaded shared library C:\Users\Prats\AppData\Local\Programs\Eclipse Adoptium\jdk-17.0.7.7-hotspot\bin\zip.dll
Event: 0.641 Loaded shared library C:\Program Files\JetBrains\IntelliJ IDEA Community Edition 2023.1\bin\breakgen64.dll
Event: 0.822 Loaded shared library C:\Users\Prats\AppData\Local\Programs\Eclipse Adoptium\jdk-17.0.7.7-hotspot\bin\jimage.dll

Deoptimization events (20 events):
Event: 6.308 Thread 0x0000020ccead4b10 Uncommon trap: trap_request=0xffffffde fr.pc=0x0000020cde0908a4 relative=0x00000000000001a4
Event: 6.308 Thread 0x0000020ccead4b10 Uncommon trap: reason=class_check action=maybe_recompile pc=0x0000020cde0908a4 method=java.lang.String.equals(Ljava/lang/Object;)Z @ 8 c2
Event: 6.308 Thread 0x0000020ccead4b10 DEOPT PACKING pc=0x0000020cde0908a4 sp=0x0000008bd5cfeb60
Event: 6.309 Thread 0x0000020ccead4b10 DEOPT UNPACKING pc=0x0000020cddb369a3 sp=0x0000008bd5cfeaf8 mode 2
Event: 6.309 Thread 0x0000020ccead4b10 Uncommon trap: trap_request=0xffffffde fr.pc=0x0000020cde0908a4 relative=0x00000000000001a4
Event: 6.309 Thread 0x0000020ccead4b10 Uncommon trap: reason=class_check action=maybe_recompile pc=0x0000020cde0908a4 method=java.lang.String.equals(Ljava/lang/Object;)Z @ 8 c2
Event: 6.309 Thread 0x0000020ccead4b10 DEOPT PACKING pc=0x0000020cde0908a4 sp=0x0000008bd5cfeb60
Event: 6.309 Thread 0x0000020ccead4b10 DEOPT UNPACKING pc=0x0000020cddb369a3 sp=0x0000008bd5cfeaf8 mode 2
Event: 6.309 Thread 0x0000020ccead4b10 Uncommon trap: trap_request=0xffffffde fr.pc=0x0000020cde0908a4 relative=0x00000000000001a4
Event: 6.309 Thread 0x0000020ccead4b10 Uncommon trap: reason=class_check action=maybe_recompile pc=0x0000020cde0908a4 method=java.lang.String.equals(Ljava/lang/Object;)Z @ 8 c2
Event: 6.309 Thread 0x0000020ccead4b10 DEOPT PACKING pc=0x0000020cde0908a4 sp=0x0000008bd5cfeb60
Event: 6.309 Thread 0x0000020ccead4b10 DEOPT UNPACKING pc=0x0000020cddb369a3 sp=0x0000008bd5cfeaf8 mode 2
Event: 6.312 Thread 0x0000020ccead4b10 Uncommon trap: trap_request=0xffffffde fr.pc=0x0000020cde0908a4 relative=0x00000000000001a4
Event: 6.312 Thread 0x0000020ccead4b10 Uncommon trap: reason=class_check action=maybe_recompile pc=0x0000020cde0908a4 method=java.lang.String.equals(Ljava/lang/Object;)Z @ 8 c2
Event: 6.312 Thread 0x0000020ccead4b10 DEOPT PACKING pc=0x0000020cde0908a4 sp=0x0000008bd5cfe7c0
Event: 6.312 Thread 0x0000020ccead4b10 DEOPT UNPACKING pc=0x0000020cddb369a3 sp=0x0000008bd5cfe758 mode 2
Event: 8.252 Thread 0x0000020ccead4b10 Uncommon trap: trap_request=0xffffff45 fr.pc=0x0000020cde0e2be8 relative=0x00000000000000e8
Event: 8.252 Thread 0x0000020ccead4b10 Uncommon trap: reason=unstable_if action=reinterpret pc=0x0000020cde0e2be8 method=jdk.internal.org.objectweb.asm.ByteVector.putShort(I)Ljdk/internal/org/objectweb/asm/ByteVector; @ 13 c2
Event: 8.252 Thread 0x0000020ccead4b10 DEOPT PACKING pc=0x0000020cde0e2be8 sp=0x0000008bd5cfc5e0
Event: 8.252 Thread 0x0000020ccead4b10 DEOPT UNPACKING pc=0x0000020cddb369a3 sp=0x0000008bd5cfc568 mode 2

Classes unloaded (0 events):
No events

Classes redefined (0 events):
No events

Internal exceptions (20 events):
Event: 7.980 Thread 0x0000020ccead4b10 Exception <a 'java/lang/NoSuchMethodError'{0x00000000a4cd64d0}: 'java.lang.Object java.lang.invoke.DirectMethodHandle$Holder.invokeStatic(java.lang.Object, java.lang.Object, int)'> (0x00000000a4cd64d0) 
thrown [s\src\hotspot\share\interpreter\linkResolver.cpp, line 759]
Event: 7.989 Thread 0x0000020ccead4b10 Exception <a 'java/lang/NoSuchMethodError'{0x00000000a4ce8c40}: 'void java.lang.invoke.DelegatingMethodHandle$Holder.delegate(java.lang.Object, java.lang.Object, int, java.lang.Object)'> (0x00000000a4ce8c40) 
thrown [s\src\hotspot\share\interpreter\linkResolver.cpp, line 759]
Event: 7.993 Thread 0x0000020ccead4b10 Exception <a 'java/lang/NoSuchMethodError'{0x00000000a4cf1168}: 'java.lang.Object java.lang.invoke.DirectMethodHandle$Holder.invokeSpecial(java.lang.Object, java.lang.Object, java.lang.Object, java.lang.Object, java.lang.Object, java.lang.Object, java.lang.Object, java.lang.Object, java.lang.Object)'> (0x00000000a4cf1168) 
thrown [s\src\hotspot\share\interpreter\linkResolver.cpp, line 759]
Event: 8.037 Thread 0x0000020ccead4b10 Exception <a 'java/lang/NoSuchMethodError'{0x00000000a4b16e48}: 'java.lang.Object java.lang.invoke.DirectMethodHandle$Holder.invokeSpecial(java.lang.Object, java.lang.Object, java.lang.Object, java.lang.Object, java.lang.Object, java.lang.Object, java.lang.Object, java.lang.Object, java.lang.Object, java.lang.Object, java.lang.Object, java.lang.Object, java.lang.Object, java.lang.Object)'> (0x00000000a4b16e48) 
thrown [s\src\hotspot\share\interpreter\linkResolver.cpp, line 759]
Event: 8.040 Thread 0x0000020ccead4b10 Exception <a 'java/lang/NoSuchMethodError'{0x00000000a4b1bb18}: 'java.lang.Object java.lang.invoke.Invokers$Holder.invoker(java.lang.Object, java.lang.Object, java.lang.Object, java.lang.Object, java.lang.Object, java.lang.Object, java.lang.Object, java.lang.Object, java.lang.Object, java.lang.Object, java.lang.Object, java.lang.Object, java.lang.Object, java.lang.Object)'> (0x00000000a4b1bb18) 
thrown [s\src\hotspot\share\interpreter\linkResolver.cpp, line 759]
Event: 8.042 Thread 0x0000020ccead4b10 Exception <a 'java/lang/NoSuchMethodError'{0x00000000a4b21808}: 'java.lang.Object java.lang.invoke.DirectMethodHandle$Holder.invokeSpecial(java.lang.Object, java.lang.Object, java.lang.Object, java.lang.Object, java.lang.Object, java.lang.Object, java.lang.Object, java.lang.Object, java.lang.Object, java.lang.Object, java.lang.Object, java.lang.Object, java.lang.Object, java.lang.Object, java.lang.Object)'> (0x00000000a4b21808) 
thrown [s\src\hotspot\share\interpreter\linkResolver.cpp, line 759]
Event: 8.054 Thread 0x0000020ccead4b10 Exception <a 'java/lang/NoSuchMethodError'{0x00000000a4b34830}: 'int java.lang.invoke.DirectMethodHandle$Holder.invokeVirtual(java.lang.Object, java.lang.Object, java.lang.Object)'> (0x00000000a4b34830) 
thrown [s\src\hotspot\share\interpreter\linkResolver.cpp, line 759]
Event: 8.056 Thread 0x0000020ccead4b10 Exception <a 'java/lang/NoSuchMethodError'{0x00000000a4b380e8}: 'int java.lang.invoke.DirectMethodHandle$Holder.invokeVirtual(java.lang.Object, java.lang.Object)'> (0x00000000a4b380e8) 
thrown [s\src\hotspot\share\interpreter\linkResolver.cpp, line 759]
Event: 8.060 Thread 0x0000020ccead4b10 Exception <a 'java/lang/NoSuchMethodError'{0x00000000a4b3c2e8}: 'int java.lang.invoke.DirectMethodHandle$Holder.invokeStaticInit(java.lang.Object, int, int)'> (0x00000000a4b3c2e8) 
thrown [s\src\hotspot\share\interpreter\linkResolver.cpp, line 759]
Event: 8.062 Thread 0x0000020ccead4b10 Exception <a 'java/lang/NoSuchMethodError'{0x00000000a4b43bd0}: 'int java.lang.invoke.DirectMethodHandle$Holder.invokeStaticInit(java.lang.Object, long, long)'> (0x00000000a4b43bd0) 
thrown [s\src\hotspot\share\interpreter\linkResolver.cpp, line 759]
Event: 8.065 Thread 0x0000020ccead4b10 Exception <a 'java/lang/NoSuchMethodError'{0x00000000a4b4aa20}: 'int java.lang.invoke.DirectMethodHandle$Holder.invokeStaticInit(java.lang.Object, float, float)'> (0x00000000a4b4aa20) 
thrown [s\src\hotspot\share\interpreter\linkResolver.cpp, line 759]
Event: 8.069 Thread 0x0000020ccead4b10 Exception <a 'java/lang/NoSuchMethodError'{0x00000000a4b51878}: 'int java.lang.invoke.DirectMethodHandle$Holder.invokeStaticInit(java.lang.Object, double, double)'> (0x00000000a4b51878) 
thrown [s\src\hotspot\share\interpreter\linkResolver.cpp, line 759]
Event: 8.072 Thread 0x0000020ccead4b10 Exception <a 'java/lang/NoSuchMethodError'{0x00000000a4b55e48}: 'int java.lang.invoke.DirectMethodHandle$Holder.invokeStatic(java.lang.Object, long)'> (0x00000000a4b55e48) 
thrown [s\src\hotspot\share\interpreter\linkResolver.cpp, line 759]
Event: 8.087 Thread 0x0000020ccead4b10 Exception <a 'java/lang/NoSuchMethodError'{0x00000000a4b7a970}: 'int java.lang.invoke.DirectMethodHandle$Holder.invokeSpecial(java.lang.Object, java.lang.Object, int)'> (0x00000000a4b7a970) 
thrown [s\src\hotspot\share\interpreter\linkResolver.cpp, line 759]
Event: 8.098 Thread 0x0000020ccead4b10 Exception <a 'java/lang/NoSuchMethodError'{0x00000000a4b82520}: 'int java.lang.invoke.Invokers$Holder.linkToTargetMethod(java.lang.Object, java.lang.Object)'> (0x00000000a4b82520) 
thrown [s\src\hotspot\share\interpreter\linkResolver.cpp, line 759]
Event: 8.182 Thread 0x0000020ccead4b10 Exception <a 'java/lang/NoSuchMethodError'{0x00000000a4a1a5f0}: 'java.lang.Object java.lang.invoke.DirectMethodHandle$Holder.invokeSpecial(java.lang.Object, java.lang.Object, java.lang.Object, java.lang.Object, java.lang.Object, java.lang.Object, java.lang.Object, java.lang.Object, java.lang.Object, java.lang.Object)'> (0x00000000a4a1a5f0) 
thrown [s\src\hotspot\share\interpreter\linkResolver.cpp, line 759]
Event: 8.183 Thread 0x0000020ccead4b10 Exception <a 'java/lang/NoSuchMethodError'{0x00000000a4a1ebd8}: 'java.lang.Object java.lang.invoke.Invokers$Holder.invoke_MT(java.lang.Object, java.lang.Object, java.lang.Object, java.lang.Object, java.lang.Object, java.lang.Object, java.lang.Object, java.lang.Object, java.lang.Object, java.lang.Object)'> (0x00000000a4a1ebd8) 
thrown [s\src\hotspot\share\interpreter\linkResolver.cpp, line 759]
Event: 8.237 Thread 0x0000020ccead4b10 Exception <a 'java/lang/NoSuchMethodError'{0x00000000a4a5f418}: 'java.lang.Object java.lang.invoke.DirectMethodHandle$Holder.invokeSpecial(java.lang.Object, java.lang.Object, int, java.lang.Object, java.lang.Object)'> (0x00000000a4a5f418) 
thrown [s\src\hotspot\share\interpreter\linkResolver.cpp, line 759]
Event: 8.244 Thread 0x0000020ccead4b10 Exception <a 'java/lang/NoSuchMethodError'{0x00000000a4a630c0}: 'java.lang.Object java.lang.invoke.DelegatingMethodHandle$Holder.delegate(java.lang.Object, int, java.lang.Object, java.lang.Object)'> (0x00000000a4a630c0) 
thrown [s\src\hotspot\share\interpreter\linkResolver.cpp, line 759]
Event: 8.255 Thread 0x0000020ccead4b10 Exception <a 'java/lang/NoSuchMethodError'{0x00000000a4a73f48}: 'int java.lang.invoke.Invokers$Holder.linkToTargetMethod(java.lang.Object, java.lang.Object, java.lang.Object)'> (0x00000000a4a73f48) 
thrown [s\src\hotspot\share\interpreter\linkResolver.cpp, line 759]

VM Operations (20 events):
Event: 4.645 Executing VM operation: HandshakeAllThreads
Event: 4.658 Executing VM operation: HandshakeAllThreads done
Event: 4.931 Executing VM operation: G1CollectForAllocation
Event: 4.931 Executing VM operation: G1CollectForAllocation done
Event: 4.931 Executing VM operation: G1CollectForAllocation
Event: 4.946 Executing VM operation: G1CollectForAllocation done
Event: 5.954 Executing VM operation: Cleanup
Event: 5.967 Executing VM operation: Cleanup done
Event: 6.972 Executing VM operation: Cleanup
Event: 6.977 Executing VM operation: Cleanup done
Event: 7.424 Executing VM operation: HandshakeAllThreads
Event: 7.424 Executing VM operation: HandshakeAllThreads done
Event: 7.427 Executing VM operation: HandshakeAllThreads
Event: 7.427 Executing VM operation: HandshakeAllThreads done
Event: 7.978 Executing VM operation: HandshakeAllThreads
Event: 7.978 Executing VM operation: HandshakeAllThreads done
Event: 7.978 Executing VM operation: Cleanup
Event: 7.979 Executing VM operation: Cleanup done
Event: 8.112 Executing VM operation: HandshakeAllThreads
Event: 8.112 Executing VM operation: HandshakeAllThreads done

Events (20 events):
Event: 8.046 loading class java/lang/invoke/DirectMethodHandle$EnsureInitialized
Event: 8.047 loading class java/lang/invoke/DirectMethodHandle$EnsureInitialized done
Event: 8.053 loading class java/lang/runtime/ObjectMethods$1
Event: 8.053 loading class java/lang/runtime/ObjectMethods$1 done
Event: 8.079 loading class java/lang/invoke/DirectMethodHandle$1
Event: 8.079 loading class java/lang/invoke/DirectMethodHandle$1 done
Event: 8.100 loading class java/util/concurrent/FutureTask
Event: 8.101 loading class java/util/concurrent/RunnableFuture
Event: 8.101 loading class java/util/concurrent/RunnableFuture done
Event: 8.101 loading class java/util/concurrent/FutureTask done
Event: 8.102 loading class java/util/concurrent/FutureTask$WaitNode
Event: 8.102 loading class java/util/concurrent/FutureTask$WaitNode done
Event: 8.231 loading class java/util/AbstractList$RandomAccessSubList
Event: 8.232 loading class java/util/AbstractList$SubList
Event: 8.232 loading class java/util/AbstractList$SubList done
Event: 8.232 loading class java/util/AbstractList$RandomAccessSubList done
Event: 8.233 loading class java/util/AbstractList$SubList$1
Event: 8.234 loading class java/util/AbstractList$SubList$1 done
Event: 8.246 loading class java/lang/invoke/MethodHandleImpl$CountingWrapper
Event: 8.247 loading class java/lang/invoke/MethodHandleImpl$CountingWrapper done


Dynamic libraries:
0x00007ff67b6f0000 - 0x00007ff67b6fe000 	C:\Users\Prats\AppData\Local\Programs\Eclipse Adoptium\jdk-17.0.7.7-hotspot\bin\java.exe
0x00007ffee2550000 - 0x00007ffee2764000 	C:\WINDOWS\SYSTEM32\ntdll.dll
0x00007ffee1f10000 - 0x00007ffee1fd2000 	C:\WINDOWS\System32\KERNEL32.DLL
0x00007ffedfb50000 - 0x00007ffedfef3000 	C:\WINDOWS\System32\KERNELBASE.dll
0x00007ffedff00000 - 0x00007ffee0011000 	C:\WINDOWS\System32\ucrtbase.dll
0x00007ffeb7b60000 - 0x00007ffeb7b77000 	C:\Users\Prats\AppData\Local\Programs\Eclipse Adoptium\jdk-17.0.7.7-hotspot\bin\jli.dll
0x00007ffeb7b80000 - 0x00007ffeb7b99000 	C:\Users\Prats\AppData\Local\Programs\Eclipse Adoptium\jdk-17.0.7.7-hotspot\bin\VCRUNTIME140.dll
0x00007ffee1690000 - 0x00007ffee183b000 	C:\WINDOWS\System32\USER32.dll
0x00007ffedfb20000 - 0x00007ffedfb46000 	C:\WINDOWS\System32\win32u.dll
0x00007ffee10a0000 - 0x00007ffee10c9000 	C:\WINDOWS\System32\GDI32.dll
0x00007ffec9ac0000 - 0x00007ffec9d4e000 	C:\WINDOWS\WinSxS\amd64_microsoft.windows.common-controls_6595b64144ccf1df_6.0.22621.1635_none_270f70857386168e\COMCTL32.dll
0x00007ffee1500000 - 0x00007ffee15a7000 	C:\WINDOWS\System32\msvcrt.dll
0x00007ffee0190000 - 0x00007ffee02a8000 	C:\WINDOWS\System32\gdi32full.dll
0x00007ffee02b0000 - 0x00007ffee034a000 	C:\WINDOWS\System32\msvcp_win.dll
0x00007ffee1840000 - 0x00007ffee1871000 	C:\WINDOWS\System32\IMM32.DLL
0x00007ffeb7b50000 - 0x00007ffeb7b5c000 	C:\Users\Prats\AppData\Local\Programs\Eclipse Adoptium\jdk-17.0.7.7-hotspot\bin\vcruntime140_1.dll
0x00007ffe6b490000 - 0x00007ffe6b521000 	C:\Users\Prats\AppData\Local\Programs\Eclipse Adoptium\jdk-17.0.7.7-hotspot\bin\msvcp140.dll
0x00007ffe68a20000 - 0x00007ffe69668000 	C:\Users\Prats\AppData\Local\Programs\Eclipse Adoptium\jdk-17.0.7.7-hotspot\bin\server\jvm.dll
0x00007ffee0ec0000 - 0x00007ffee0f6e000 	C:\WINDOWS\System32\ADVAPI32.dll
0x00007ffee0d90000 - 0x00007ffee0e34000 	C:\WINDOWS\System32\sechost.dll
0x00007ffee13c0000 - 0x00007ffee14d7000 	C:\WINDOWS\System32\RPCRT4.dll
0x00007ffec3340000 - 0x00007ffec3349000 	C:\WINDOWS\SYSTEM32\WSOCK32.dll
0x00007ffed5df0000 - 0x00007ffed5e24000 	C:\WINDOWS\SYSTEM32\WINMM.dll
0x00007ffee0f70000 - 0x00007ffee0fe1000 	C:\WINDOWS\System32\WS2_32.dll
0x00007ffed79a0000 - 0x00007ffed79aa000 	C:\WINDOWS\SYSTEM32\VERSION.dll
0x00007ffede930000 - 0x00007ffede948000 	C:\WINDOWS\SYSTEM32\kernel.appcore.dll
0x00007ffeb7b40000 - 0x00007ffeb7b4a000 	C:\Users\Prats\AppData\Local\Programs\Eclipse Adoptium\jdk-17.0.7.7-hotspot\bin\jimage.dll
0x00007ffedd420000 - 0x00007ffedd64e000 	C:\WINDOWS\SYSTEM32\DBGHELP.DLL
0x00007ffee2080000 - 0x00007ffee2409000 	C:\WINDOWS\System32\combase.dll
0x00007ffee15b0000 - 0x00007ffee1687000 	C:\WINDOWS\System32\OLEAUT32.dll
0x00007ffed3ee0000 - 0x00007ffed3f12000 	C:\WINDOWS\SYSTEM32\dbgcore.DLL
0x00007ffedfaa0000 - 0x00007ffedfb1b000 	C:\WINDOWS\System32\bcryptPrimitives.dll
0x00007ffedc1e0000 - 0x00007ffedc1ee000 	C:\Users\Prats\AppData\Local\Programs\Eclipse Adoptium\jdk-17.0.7.7-hotspot\bin\instrument.dll
0x00007ffeb7b10000 - 0x00007ffeb7b35000 	C:\Users\Prats\AppData\Local\Programs\Eclipse Adoptium\jdk-17.0.7.7-hotspot\bin\java.dll
0x00007ffe68940000 - 0x00007ffe68a16000 	C:\Users\Prats\AppData\Local\Programs\Eclipse Adoptium\jdk-17.0.7.7-hotspot\bin\jsvml.dll
0x00007ffee03d0000 - 0x00007ffee0bca000 	C:\WINDOWS\System32\SHELL32.dll
0x00007ffedd920000 - 0x00007ffede1ee000 	C:\WINDOWS\SYSTEM32\windows.storage.dll
0x00007ffedd7e0000 - 0x00007ffedd91e000 	C:\WINDOWS\SYSTEM32\wintypes.dll
0x00007ffee0be0000 - 0x00007ffee0cd1000 	C:\WINDOWS\System32\SHCORE.dll
0x00007ffee1d00000 - 0x00007ffee1d5e000 	C:\WINDOWS\System32\shlwapi.dll
0x00007ffedf8a0000 - 0x00007ffedf8c1000 	C:\WINDOWS\SYSTEM32\profapi.dll
0x00007ffea66f0000 - 0x00007ffea6708000 	C:\Users\Prats\AppData\Local\Programs\Eclipse Adoptium\jdk-17.0.7.7-hotspot\bin\zip.dll
0x00007ffeb7ac0000 - 0x00007ffeb7ad9000 	C:\Users\Prats\AppData\Local\Programs\Eclipse Adoptium\jdk-17.0.7.7-hotspot\bin\net.dll
0x00007ffed8830000 - 0x00007ffed8967000 	C:\WINDOWS\SYSTEM32\WINHTTP.dll
0x00007ffedee00000 - 0x00007ffedee69000 	C:\WINDOWS\system32\mswsock.dll
0x00007ffea6710000 - 0x00007ffea6725000 	C:\Users\Prats\AppData\Local\Programs\Eclipse Adoptium\jdk-17.0.7.7-hotspot\bin\nio.dll
0x00007ffed0580000 - 0x00007ffed059a000 	C:\Program Files\JetBrains\IntelliJ IDEA Community Edition 2023.1\bin\breakgen64.dll

dbghelp: loaded successfully - version: 4.0.5 - missing functions: none
symbol engine: initialized successfully - sym options: 0x614 - pdb path: .;C:\Users\Prats\AppData\Local\Programs\Eclipse Adoptium\jdk-17.0.7.7-hotspot\bin;C:\WINDOWS\SYSTEM32;C:\WINDOWS\WinSxS\amd64_microsoft.windows.common-controls_6595b64144ccf1df_6.0.22621.1635_none_270f70857386168e;C:\Users\Prats\AppData\Local\Programs\Eclipse Adoptium\jdk-17.0.7.7-hotspot\bin\server;C:\Program Files\JetBrains\IntelliJ IDEA Community Edition 2023.1\bin

VM Arguments:
jvm_args: -javaagent:C:\Program Files\JetBrains\IntelliJ IDEA Community Edition 2023.1\lib\idea_rt.jar=50928:C:\Program Files\JetBrains\IntelliJ IDEA Community Edition 2023.1\bin -Dfile.encoding=UTF-8 
java_command: com.example.springboot.SpringbootWebfluxApplication
java_class_path (initial): C:\Users\Prats\Downloads\springboot-webflux\springboot-webflux\target\classes;C:\Users\Prats\.m2\repository\org\springframework\boot\spring-boot-starter-data-mongodb-reactive\3.1.0\spring-boot-starter-data-mongodb-reactive-3.1.0.jar;C:\Users\Prats\.m2\repository\org\springframework\boot\spring-boot-starter\3.1.0\spring-boot-starter-3.1.0.jar;C:\Users\Prats\.m2\repository\org\springframework\boot\spring-boot\3.1.0\spring-boot-3.1.0.jar;C:\Users\Prats\.m2\repository\org\springframework\boot\spring-boot-autoconfigure\3.1.0\spring-boot-autoconfigure-3.1.0.jar;C:\Users\Prats\.m2\repository\org\springframework\boot\spring-boot-starter-logging\3.1.0\spring-boot-starter-logging-3.1.0.jar;C:\Users\Prats\.m2\repository\ch\qos\logback\logback-classic\1.4.7\logback-classic-1.4.7.jar;C:\Users\Prats\.m2\repository\ch\qos\logback\logback-core\1.4.7\logback-core-1.4.7.jar;C:\Users\Prats\.m2\repository\org\apache\logging\log4j\log4j-to-slf4j\2.20.0\log4j-to-slf4j-2.20.0.jar;C:\Users\Prats\.m2\repository\org\apache\logging\log4j\log4j-api\2.20.0\log4j-api-2.20.0.jar;C:\Users\Prats\.m2\repository\org\slf4j\jul-to-slf4j\2.0.7\jul-to-slf4j-2.0.7.jar;C:\Users\Prats\.m2\repository\jakarta\annotation\jakarta.annotation-api\2.1.1\jakarta.annotation-api-2.1.1.jar;C:\Users\Prats\.m2\repository\org\yaml\snakeyaml\1.33\snakeyaml-1.33.jar;C:\Users\Prats\.m2\repository\io\projectreactor\reactor-core\3.5.6\reactor-core-3.5.6.jar;C:\Users\Prats\.m2\repository\org\reactivestreams\reactive-streams\1.0.4\reactive-streams-1.0.4.jar;C:\Users\Prats\.m2\repository\org\mongodb\mongodb-driver-reactivestreams\4.9.1\mongodb-driver-reactivestreams-4.9.1.jar;C:\Users\Prats\.m2\repository\org\mongodb\bson\4.9.1\bson-4.9.1.jar;C:\Users\Prats\.m2\repository\org\mongodb\mongodb-driver-core\4.9.1\mongodb-driver-core-4.9.1.jar;C:\Users\Prats\.m2\repository\org\mongodb\bson-record-codec\4.9.1\bson-record-codec-4.9.1.jar;C:\Users\Prats\.m2\repository\org\springframework\data\spring-data-mon
Launcher Type: SUN_STANDARD

[Global flags]
     intx CICompilerCount                          = 4                                         {product} {ergonomic}
     uint ConcGCThreads                            = 2                                         {product} {ergonomic}
     uint G1ConcRefinementThreads                  = 8                                         {product} {ergonomic}
   size_t G1HeapRegionSize                         = 1048576                                   {product} {ergonomic}
    uintx GCDrainStackTargetSize                   = 64                                        {product} {ergonomic}
   size_t InitialHeapSize                          = 100663296                                 {product} {ergonomic}
   size_t MarkStackSize                            = 4194304                                   {product} {ergonomic}
   size_t MaxHeapSize                              = 1595932672                                {product} {ergonomic}
   size_t MaxNewSize                               = 957349888                                 {product} {ergonomic}
   size_t MinHeapDeltaBytes                        = 1048576                                   {product} {ergonomic}
   size_t MinHeapSize                              = 8388608                                   {product} {ergonomic}
    uintx NonNMethodCodeHeapSize                   = 5839372                                {pd product} {ergonomic}
    uintx NonProfiledCodeHeapSize                  = 122909434                              {pd product} {ergonomic}
    uintx ProfiledCodeHeapSize                     = 122909434                              {pd product} {ergonomic}
    uintx ReservedCodeCacheSize                    = 251658240                              {pd product} {ergonomic}
     bool SegmentedCodeCache                       = true                                      {product} {ergonomic}
   size_t SoftMaxHeapSize                          = 1595932672                             {manageable} {ergonomic}
     bool UseCompressedClassPointers               = true                           {product lp64_product} {ergonomic}
     bool UseCompressedOops                        = true                           {product lp64_product} {ergonomic}
     bool UseG1GC                                  = true                                      {product} {ergonomic}
     bool UseLargePagesIndividualAllocation        = false                                  {pd product} {ergonomic}

Logging:
Log output configuration:
 #0: stdout all=warning uptime,level,tags
 #1: stderr all=off uptime,level,tags

Environment Variables:
JAVA_HOME=C:\Users\Prats\AppData\Local\Programs\Eclipse Adoptium\jdk-17.0.7.7-hotspot\
PATH=C:\WINDOWS\system32;C:\WINDOWS;C:\WINDOWS\System32\Wbem;C:\WINDOWS\System32\WindowsPowerShell\v1.0\;C:\WINDOWS\System32\OpenSSH\;C:\ProgramData\chocolatey\bin;C:\anaconda;C:\anaconda\Library\mingw-w64\bin;C:\anaconda\Library\usr\bin;C:\anaconda\Library\bin;C:\anaconda\Scripts;C:\Users\Pratik Srivastava\AppData\Local\Microsoft\WindowsApps;C:\Users\Pratik Srivastava\AppData\Local\Programs\Microsoft VS Code\bin;C:\Users\Pratik Srivastava\AppData\Roaming\npm;C:\adb;C:\WINDOWS\system32;C:\WINDOWS;C:\WINDOWS\System32\Wbem;C:\WINDOWS\System32\WindowsPowerShell\v1.0\;C:\WINDOWS\System32\OpenSSH\;C:\Users\Pratik Srivastava\AppData\Local\Programs\Python\Python311\Scripts;C:\Users\Pratik Srivastava\AppData\Local\Programs\Python\Python311\;C:\Program Files\nodejs\;C:\Program Files\Git\cmd;C:\Program Files\MySQL\MySQL Server 8.0\bin;;C:\Program Files\Docker\Docker\resources\bin;C:\Program Files\MySQL\MySQL Shell 8.0\bin\;C:\Users\Prats\AppData\Local\Programs\Eclipse Adoptium\jdk-17.0.7.7-hotspot\bin;C:\Users\Prats\AppData\Local\Microsoft\WindowsApps;C:\Users\Prats\AppData\Local\Programs\Microsoft VS Code\bin;C:\Program Files\JetBrains\IntelliJ IDEA Community Edition 2023.1\bin;;C:\Users\Prats\AppData\Roaming\npm;C:\Program Files\MySQL\MySQL Server 8.0\bin;
USERNAME=Prats
OS=Windows_NT
PROCESSOR_IDENTIFIER=AMD64 Family 23 Model 24 Stepping 1, AuthenticAMD
TMP=C:\Users\Prats\AppData\Local\Temp
TEMP=C:\Users\Prats\AppData\Local\Temp



---------------  S Y S T E M  ---------------

OS:
 Windows 11 , 64 bit Build 22621 (10.0.22621.1635)
OS uptime: 0 days 0:11 hours
Hyper-V role detected

CPU: total 8 (initial active 8) (8 cores per cpu, 2 threads per core) family 23 model 24 stepping 1 microcode 0x0, cx8, cmov, fxsr, ht, mmx, 3dnowpref, sse, sse2, sse3, ssse3, sse4a, sse4.1, sse4.2, popcnt, lzcnt, tsc, tscinvbit, avx, avx2, aes, clmul, bmi1, bmi2, adx, sha, fma, vzeroupper, clflush, clflushopt, hv

Memory: 4k page, system-wide physical 6082M (169M free)
TotalPageFile size 10178M (AvailPageFile size 5M)
current process WorkingSet (physical memory assigned to process): 127M, peak: 127M
current process commit charge ("private bytes"): 226M, peak: 227M

vm_info: OpenJDK 64-Bit Server VM (17.0.7+7) for windows-amd64 JRE (17.0.7+7), built on Apr 18 2023 22:10:42 by "temurin" with MS VC++ 16.7 (VS2019)

END.
